{"/Users/reemj/Desktop/github/taskFlow/apps/api/src/app.config.ts": {"path":"/Users/reemj/Desktop/github/taskFlow/apps/api/src/app.config.ts","statementMap":{"0":{"start":{"line":16,"column":0},"end":{"line":16,"column":16}},"1":{"start":{"line":1,"column":0},"end":{"line":1,"column":null}},"2":{"start":{"line":7,"column":0},"end":{"line":7,"column":77}},"3":{"start":{"line":10,"column":2},"end":{"line":13,"column":6}},"4":{"start":{"line":10,"column":42},"end":{"line":13,"column":4}},"5":{"start":{"line":17,"column":2},"end":{"line":17,"column":29}},"6":{"start":{"line":19,"column":2},"end":{"line":21,"column":5}},"7":{"start":{"line":23,"column":2},"end":{"line":35,"column":4}},"8":{"start":{"line":30,"column":8},"end":{"line":33,"column":10}},"9":{"start":{"line":37,"column":2},"end":{"line":37,"column":50}}},"fnMap":{"0":{"name":"formatValidationErrors","decl":{"start":{"line":9,"column":9},"end":{"line":9,"column":31}},"loc":{"start":{"line":9,"column":57},"end":{"line":14,"column":1}}},"1":{"name":"(anonymous_1)","decl":{"start":{"line":10,"column":20},"end":{"line":10,"column":21}},"loc":{"start":{"line":10,"column":42},"end":{"line":13,"column":4}}},"2":{"name":"configureApp","decl":{"start":{"line":16,"column":16},"end":{"line":16,"column":28}},"loc":{"start":{"line":16,"column":50},"end":{"line":38,"column":1}}},"3":{"name":"(anonymous_3)","decl":{"start":{"line":29,"column":24},"end":{"line":29,"column":25}},"loc":{"start":{"line":30,"column":8},"end":{"line":33,"column":10}}}},"branchMap":{"0":{"loc":{"start":{"line":12,"column":28},"end":{"line":12,"column":61}},"type":"binary-expr","locations":[{"start":{"line":12,"column":28},"end":{"line":12,"column":55}},{"start":{"line":12,"column":59},"end":{"line":12,"column":61}}]},"1":{"loc":{"start":{"line":20,"column":12},"end":{"line":20,"column":63}},"type":"binary-expr","locations":[{"start":{"line":20,"column":12},"end":{"line":20,"column":36}},{"start":{"line":20,"column":40},"end":{"line":20,"column":63}}]}},"s":{"0":0,"1":0,"2":0,"3":0,"4":0,"5":0,"6":0,"7":0,"8":0,"9":0},"f":{"0":0,"1":0,"2":0,"3":0},"b":{"0":[0,0],"1":[0,0]}}
,"/Users/reemj/Desktop/github/taskFlow/apps/api/src/app.controller.ts": {"path":"/Users/reemj/Desktop/github/taskFlow/apps/api/src/app.controller.ts","statementMap":{"0":{"start":{"line":1,"column":0},"end":{"line":1,"column":49}},"1":{"start":{"line":2,"column":0},"end":{"line":2,"column":60}},"2":{"start":{"line":3,"column":0},"end":{"line":3,"column":43}},"3":{"start":{"line":12,"column":7},"end":{"line":21,"column":null}},"4":{"start":{"line":13,"column":31},"end":{"line":13,"column":43}},"5":{"start":{"line":19,"column":4},"end":{"line":19,"column":39}},"6":{"start":{"line":12,"column":13},"end":{"line":12,"column":26}},"7":{"start":{"line":18,"column":2},"end":{"line":20,"column":null}},"8":{"start":{"line":12,"column":13},"end":{"line":21,"column":null}}},"fnMap":{"0":{"name":"(anonymous_2)","decl":{"start":{"line":13,"column":2},"end":{"line":13,"column":31}},"loc":{"start":{"line":13,"column":53},"end":{"line":13,"column":57}}},"1":{"name":"(anonymous_3)","decl":{"start":{"line":18,"column":2},"end":{"line":18,"column":11}},"loc":{"start":{"line":18,"column":11},"end":{"line":20,"column":3}}}},"branchMap":{"0":{"loc":{"start":{"line":18,"column":15},"end":{"line":18,"column":null}},"type":"cond-expr","locations":[{"start":{"line":18,"column":22},"end":{"line":18,"column":null}},{"start":{"line":18,"column":22},"end":{"line":18,"column":null}}]},"1":{"loc":{"start":{"line":18,"column":15},"end":{"line":18,"column":22}},"type":"binary-expr","locations":[{"start":{"line":18,"column":15},"end":{"line":18,"column":null}},{"start":{"line":18,"column":15},"end":{"line":18,"column":22}}]},"2":{"loc":{"start":{"line":13,"column":43},"end":{"line":13,"column":56}},"type":"cond-expr","locations":[{"start":{"line":13,"column":53},"end":{"line":13,"column":56}},{"start":{"line":13,"column":53},"end":{"line":13,"column":56}}]},"3":{"loc":{"start":{"line":13,"column":43},"end":{"line":13,"column":53}},"type":"binary-expr","locations":[{"start":{"line":13,"column":43},"end":{"line":13,"column":56}},{"start":{"line":13,"column":43},"end":{"line":13,"column":53}}]}},"s":{"0":1,"1":1,"2":1,"3":1,"4":1,"5":1,"6":1,"7":1,"8":1},"f":{"0":1,"1":1},"b":{"0":[1,0],"1":[1,1],"2":[1,0],"3":[1,1]}}
,"/Users/reemj/Desktop/github/taskFlow/apps/api/src/app.module.ts": {"path":"/Users/reemj/Desktop/github/taskFlow/apps/api/src/app.module.ts","statementMap":{"0":{"start":{"line":1,"column":0},"end":{"line":1,"column":40}},"1":{"start":{"line":2,"column":0},"end":{"line":2,"column":46}},"2":{"start":{"line":3,"column":0},"end":{"line":3,"column":41}},"3":{"start":{"line":4,"column":0},"end":{"line":4,"column":49}},"4":{"start":{"line":5,"column":0},"end":{"line":5,"column":43}},"5":{"start":{"line":6,"column":0},"end":{"line":6,"column":48}},"6":{"start":{"line":7,"column":0},"end":{"line":7,"column":60}},"7":{"start":{"line":8,"column":0},"end":{"line":8,"column":55}},"8":{"start":{"line":9,"column":0},"end":{"line":9,"column":54}},"9":{"start":{"line":10,"column":0},"end":{"line":10,"column":51}},"10":{"start":{"line":11,"column":0},"end":{"line":11,"column":65}},"11":{"start":{"line":36,"column":7},"end":{"line":36,"column":null}},"12":{"start":{"line":36,"column":13},"end":{"line":36,"column":22}},"13":{"start":{"line":36,"column":13},"end":{"line":36,"column":null}}},"fnMap":{},"branchMap":{},"s":{"0":0,"1":0,"2":0,"3":0,"4":0,"5":0,"6":0,"7":0,"8":0,"9":0,"10":0,"11":0,"12":0,"13":0},"f":{},"b":{}}
,"/Users/reemj/Desktop/github/taskFlow/apps/api/src/app.service.ts": {"path":"/Users/reemj/Desktop/github/taskFlow/apps/api/src/app.service.ts","statementMap":{"0":{"start":{"line":1,"column":0},"end":{"line":1,"column":44}},"1":{"start":{"line":2,"column":0},"end":{"line":2,"column":56}},"2":{"start":{"line":11,"column":7},"end":{"line":23,"column":null}},"3":{"start":{"line":12,"column":31},"end":{"line":12,"column":39}},"4":{"start":{"line":15,"column":22},"end":{"line":15,"column":52}},"5":{"start":{"line":17,"column":4},"end":{"line":21,"column":6}},"6":{"start":{"line":11,"column":13},"end":{"line":11,"column":23}},"7":{"start":{"line":11,"column":13},"end":{"line":23,"column":null}}},"fnMap":{"0":{"name":"(anonymous_2)","decl":{"start":{"line":12,"column":2},"end":{"line":12,"column":31}},"loc":{"start":{"line":12,"column":52},"end":{"line":12,"column":56}}},"1":{"name":"(anonymous_3)","decl":{"start":{"line":14,"column":2},"end":{"line":14,"column":7}},"loc":{"start":{"line":14,"column":17},"end":{"line":22,"column":3}}}},"branchMap":{"0":{"loc":{"start":{"line":12,"column":39},"end":{"line":12,"column":55}},"type":"cond-expr","locations":[{"start":{"line":12,"column":52},"end":{"line":12,"column":55}},{"start":{"line":12,"column":52},"end":{"line":12,"column":55}}]},"1":{"loc":{"start":{"line":12,"column":39},"end":{"line":12,"column":52}},"type":"binary-expr","locations":[{"start":{"line":12,"column":39},"end":{"line":12,"column":55}},{"start":{"line":12,"column":39},"end":{"line":12,"column":52}}]}},"s":{"0":1,"1":1,"2":1,"3":0,"4":0,"5":0,"6":1,"7":1},"f":{"0":0,"1":0},"b":{"0":[1,0],"1":[1,1]}}
,"/Users/reemj/Desktop/github/taskFlow/apps/api/src/main.ts": {"path":"/Users/reemj/Desktop/github/taskFlow/apps/api/src/main.ts","statementMap":{"0":{"start":{"line":1,"column":0},"end":{"line":1,"column":43}},"1":{"start":{"line":2,"column":0},"end":{"line":2,"column":44}},"2":{"start":{"line":3,"column":0},"end":{"line":3,"column":41}},"3":{"start":{"line":6,"column":14},"end":{"line":6,"column":49}},"4":{"start":{"line":8,"column":2},"end":{"line":8,"column":20}},"5":{"start":{"line":10,"column":15},"end":{"line":10,"column":47}},"6":{"start":{"line":12,"column":2},"end":{"line":12,"column":25}},"7":{"start":{"line":14,"column":2},"end":{"line":14,"column":61}},"8":{"start":{"line":17,"column":0},"end":{"line":17,"column":17}}},"fnMap":{"0":{"name":"bootstrap","decl":{"start":{"line":5,"column":15},"end":{"line":5,"column":24}},"loc":{"start":{"line":5,"column":24},"end":{"line":15,"column":1}}}},"branchMap":{"0":{"loc":{"start":{"line":10,"column":22},"end":{"line":10,"column":46}},"type":"binary-expr","locations":[{"start":{"line":10,"column":22},"end":{"line":10,"column":38}},{"start":{"line":10,"column":42},"end":{"line":10,"column":46}}]}},"s":{"0":0,"1":0,"2":0,"3":0,"4":0,"5":0,"6":0,"7":0,"8":0},"f":{"0":0},"b":{"0":[0,0]}}
,"/Users/reemj/Desktop/github/taskFlow/apps/api/src/auth/auth.controller.ts": {"path":"/Users/reemj/Desktop/github/taskFlow/apps/api/src/auth/auth.controller.ts","statementMap":{"0":{"start":{"line":1,"column":0},"end":{"line":1,"column":null}},"1":{"start":{"line":9,"column":0},"end":{"line":9,"column":45}},"2":{"start":{"line":10,"column":0},"end":{"line":10,"column":66}},"3":{"start":{"line":11,"column":0},"end":{"line":11,"column":55}},"4":{"start":{"line":12,"column":0},"end":{"line":12,"column":43}},"5":{"start":{"line":13,"column":0},"end":{"line":13,"column":49}},"6":{"start":{"line":20,"column":7},"end":{"line":40,"column":null}},"7":{"start":{"line":21,"column":31},"end":{"line":21,"column":44}},"8":{"start":{"line":26,"column":4},"end":{"line":26,"column":50}},"9":{"start":{"line":33,"column":4},"end":{"line":33,"column":44}},"10":{"start":{"line":38,"column":4},"end":{"line":38,"column":16}},"11":{"start":{"line":20,"column":13},"end":{"line":20,"column":27}},"12":{"start":{"line":25,"column":2},"end":{"line":27,"column":null}},"13":{"start":{"line":32,"column":2},"end":{"line":34,"column":null}},"14":{"start":{"line":37,"column":2},"end":{"line":39,"column":null}},"15":{"start":{"line":20,"column":13},"end":{"line":40,"column":null}}},"fnMap":{"0":{"name":"(anonymous_4)","decl":{"start":{"line":21,"column":2},"end":{"line":21,"column":31}},"loc":{"start":{"line":21,"column":55},"end":{"line":21,"column":59}}},"1":{"name":"(anonymous_5)","decl":{"start":{"line":25,"column":2},"end":{"line":25,"column":10}},"loc":{"start":{"line":25,"column":43},"end":{"line":27,"column":3}}},"2":{"name":"(anonymous_6)","decl":{"start":{"line":32,"column":2},"end":{"line":32,"column":7}},"loc":{"start":{"line":32,"column":34},"end":{"line":34,"column":3}}},"3":{"name":"(anonymous_7)","decl":{"start":{"line":37,"column":2},"end":{"line":37,"column":16}},"loc":{"start":{"line":37,"column":55},"end":{"line":39,"column":3}}}},"branchMap":{"0":{"loc":{"start":{"line":25,"column":32},"end":{"line":25,"column":46}},"type":"cond-expr","locations":[{"start":{"line":25,"column":43},"end":{"line":25,"column":46}},{"start":{"line":25,"column":43},"end":{"line":25,"column":46}}]},"1":{"loc":{"start":{"line":25,"column":32},"end":{"line":25,"column":43}},"type":"binary-expr","locations":[{"start":{"line":25,"column":32},"end":{"line":25,"column":46}},{"start":{"line":25,"column":32},"end":{"line":25,"column":43}}]},"2":{"loc":{"start":{"line":25,"column":46},"end":{"line":25,"column":null}},"type":"cond-expr","locations":[{"start":{"line":25,"column":53},"end":{"line":25,"column":null}},{"start":{"line":25,"column":53},"end":{"line":25,"column":null}}]},"3":{"loc":{"start":{"line":25,"column":46},"end":{"line":25,"column":53}},"type":"binary-expr","locations":[{"start":{"line":25,"column":46},"end":{"line":25,"column":null}},{"start":{"line":25,"column":46},"end":{"line":25,"column":53}}]},"4":{"loc":{"start":{"line":32,"column":26},"end":{"line":32,"column":37}},"type":"cond-expr","locations":[{"start":{"line":32,"column":34},"end":{"line":32,"column":37}},{"start":{"line":32,"column":34},"end":{"line":32,"column":37}}]},"5":{"loc":{"start":{"line":32,"column":26},"end":{"line":32,"column":34}},"type":"binary-expr","locations":[{"start":{"line":32,"column":26},"end":{"line":32,"column":37}},{"start":{"line":32,"column":26},"end":{"line":32,"column":34}}]},"6":{"loc":{"start":{"line":32,"column":37},"end":{"line":32,"column":null}},"type":"cond-expr","locations":[{"start":{"line":32,"column":44},"end":{"line":32,"column":null}},{"start":{"line":32,"column":44},"end":{"line":32,"column":null}}]},"7":{"loc":{"start":{"line":32,"column":37},"end":{"line":32,"column":44}},"type":"binary-expr","locations":[{"start":{"line":32,"column":37},"end":{"line":32,"column":null}},{"start":{"line":32,"column":37},"end":{"line":32,"column":44}}]},"8":{"loc":{"start":{"line":21,"column":44},"end":{"line":21,"column":58}},"type":"cond-expr","locations":[{"start":{"line":21,"column":55},"end":{"line":21,"column":58}},{"start":{"line":21,"column":55},"end":{"line":21,"column":58}}]},"9":{"loc":{"start":{"line":21,"column":44},"end":{"line":21,"column":55}},"type":"binary-expr","locations":[{"start":{"line":21,"column":44},"end":{"line":21,"column":58}},{"start":{"line":21,"column":44},"end":{"line":21,"column":55}}]}},"s":{"0":0,"1":0,"2":0,"3":0,"4":0,"5":0,"6":0,"7":0,"8":0,"9":0,"10":0,"11":0,"12":0,"13":0,"14":0,"15":0},"f":{"0":0,"1":0,"2":0,"3":0},"b":{"0":[0,0],"1":[0,0],"2":[0,0],"3":[0,0],"4":[0,0],"5":[0,0],"6":[0,0],"7":[0,0],"8":[0,0],"9":[0,0]}}
,"/Users/reemj/Desktop/github/taskFlow/apps/api/src/auth/auth.module.ts": {"path":"/Users/reemj/Desktop/github/taskFlow/apps/api/src/auth/auth.module.ts","statementMap":{"0":{"start":{"line":1,"column":0},"end":{"line":1,"column":40}},"1":{"start":{"line":2,"column":0},"end":{"line":2,"column":47}},"2":{"start":{"line":3,"column":0},"end":{"line":3,"column":40}},"3":{"start":{"line":4,"column":0},"end":{"line":4,"column":51}},"4":{"start":{"line":5,"column":0},"end":{"line":5,"column":45}},"5":{"start":{"line":23,"column":7},"end":{"line":23,"column":null}},"6":{"start":{"line":23,"column":13},"end":{"line":23,"column":23}},"7":{"start":{"line":23,"column":13},"end":{"line":23,"column":null}},"8":{"start":{"line":11,"column":53},"end":{"line":16,"column":8}}},"fnMap":{"0":{"name":"(anonymous_1)","decl":{"start":{"line":11,"column":18},"end":{"line":11,"column":19}},"loc":{"start":{"line":11,"column":53},"end":{"line":16,"column":8}}}},"branchMap":{},"s":{"0":0,"1":0,"2":0,"3":0,"4":0,"5":0,"6":0,"7":0,"8":0},"f":{"0":0},"b":{}}
,"/Users/reemj/Desktop/github/taskFlow/apps/api/src/auth/auth.service.ts": {"path":"/Users/reemj/Desktop/github/taskFlow/apps/api/src/auth/auth.service.ts","statementMap":{"0":{"start":{"line":1,"column":0},"end":{"line":1,"column":null}},"1":{"start":{"line":6,"column":0},"end":{"line":6,"column":41}},"2":{"start":{"line":7,"column":0},"end":{"line":7,"column":41}},"3":{"start":{"line":8,"column":0},"end":{"line":8,"column":50}},"4":{"start":{"line":9,"column":0},"end":{"line":9,"column":57}},"5":{"start":{"line":14,"column":23},"end":{"line":19,"column":11}},"6":{"start":{"line":22,"column":7},"end":{"line":99,"column":null}},"7":{"start":{"line":24,"column":21},"end":{"line":24,"column":29}},"8":{"start":{"line":25,"column":21},"end":{"line":25,"column":33}},"9":{"start":{"line":29,"column":18},"end":{"line":29,"column":56}},"10":{"start":{"line":30,"column":17},"end":{"line":30,"column":40}},"11":{"start":{"line":32,"column":25},"end":{"line":39,"column":6}},"12":{"start":{"line":41,"column":4},"end":{"line":43,"column":5}},"13":{"start":{"line":42,"column":6},"end":{"line":42,"column":79}},"14":{"start":{"line":45,"column":25},"end":{"line":45,"column":61}},"15":{"start":{"line":47,"column":17},"end":{"line":55,"column":6}},"16":{"start":{"line":57,"column":4},"end":{"line":57,"column":41}},"17":{"start":{"line":61,"column":18},"end":{"line":61,"column":53}},"18":{"start":{"line":63,"column":17},"end":{"line":67,"column":6}},"19":{"start":{"line":69,"column":4},"end":{"line":71,"column":5}},"20":{"start":{"line":70,"column":6},"end":{"line":70,"column":67}},"21":{"start":{"line":73,"column":28},"end":{"line":73,"column":79}},"22":{"start":{"line":75,"column":4},"end":{"line":77,"column":5}},"23":{"start":{"line":76,"column":6},"end":{"line":76,"column":67}},"24":{"start":{"line":79,"column":4},"end":{"line":84,"column":7}},"25":{"start":{"line":90,"column":24},"end":{"line":92,"column":6}},"26":{"start":{"line":94,"column":4},"end":{"line":97,"column":6}},"27":{"start":{"line":22,"column":13},"end":{"line":22,"column":24}},"28":{"start":{"line":22,"column":13},"end":{"line":99,"column":null}}},"fnMap":{"0":{"name":"(anonymous_2)","decl":{"start":{"line":23,"column":2},"end":{"line":23,"column":null}},"loc":{"start":{"line":25,"column":43},"end":{"line":26,"column":6}}},"1":{"name":"(anonymous_3)","decl":{"start":{"line":28,"column":2},"end":{"line":28,"column":7}},"loc":{"start":{"line":28,"column":41},"end":{"line":58,"column":3}}},"2":{"name":"(anonymous_4)","decl":{"start":{"line":60,"column":2},"end":{"line":60,"column":7}},"loc":{"start":{"line":60,"column":32},"end":{"line":85,"column":3}}},"3":{"name":"(anonymous_5)","decl":{"start":{"line":87,"column":10},"end":{"line":87,"column":15}},"loc":{"start":{"line":88,"column":27},"end":{"line":98,"column":3}}}},"branchMap":{"0":{"loc":{"start":{"line":41,"column":4},"end":{"line":43,"column":5}},"type":"if","locations":[{"start":{"line":41,"column":4},"end":{"line":43,"column":5}},{"start":{},"end":{}}]},"1":{"loc":{"start":{"line":69,"column":4},"end":{"line":71,"column":5}},"type":"if","locations":[{"start":{"line":69,"column":4},"end":{"line":71,"column":5}},{"start":{},"end":{}}]},"2":{"loc":{"start":{"line":75,"column":4},"end":{"line":77,"column":5}},"type":"if","locations":[{"start":{"line":75,"column":4},"end":{"line":77,"column":5}},{"start":{},"end":{}}]},"3":{"loc":{"start":{"line":24,"column":29},"end":{"line":24,"column":null}},"type":"cond-expr","locations":[{"start":{"line":24,"column":42},"end":{"line":24,"column":null}},{"start":{"line":24,"column":42},"end":{"line":24,"column":null}}]},"4":{"loc":{"start":{"line":24,"column":29},"end":{"line":24,"column":42}},"type":"binary-expr","locations":[{"start":{"line":24,"column":29},"end":{"line":24,"column":null}},{"start":{"line":24,"column":29},"end":{"line":24,"column":42}}]},"5":{"loc":{"start":{"line":24,"column":42},"end":{"line":25,"column":null}},"type":"cond-expr","locations":[{"start":{"line":25,"column":43},"end":{"line":25,"column":null}},{"start":{"line":25,"column":43},"end":{"line":25,"column":null}}]},"6":{"loc":{"start":{"line":24,"column":42},"end":{"line":25,"column":43}},"type":"binary-expr","locations":[{"start":{"line":24,"column":42},"end":{"line":25,"column":null}},{"start":{"line":25,"column":33},"end":{"line":25,"column":43}}]}},"s":{"0":0,"1":0,"2":0,"3":0,"4":0,"5":0,"6":0,"7":0,"8":0,"9":0,"10":0,"11":0,"12":0,"13":0,"14":0,"15":0,"16":0,"17":0,"18":0,"19":0,"20":0,"21":0,"22":0,"23":0,"24":0,"25":0,"26":0,"27":0,"28":0},"f":{"0":0,"1":0,"2":0,"3":0},"b":{"0":[0,0],"1":[0,0],"2":[0,0],"3":[0,0],"4":[0,0],"5":[0,0],"6":[0,0]}}
,"/Users/reemj/Desktop/github/taskFlow/apps/api/src/auth/decorators/current-user.decorator.ts": {"path":"/Users/reemj/Desktop/github/taskFlow/apps/api/src/auth/decorators/current-user.decorator.ts","statementMap":{"0":{"start":{"line":1,"column":0},"end":{"line":1,"column":72}},"1":{"start":{"line":5,"column":13},"end":{"line":13,"column":2}},"2":{"start":{"line":7,"column":20},"end":{"line":7,"column":null}},"3":{"start":{"line":11,"column":4},"end":{"line":11,"column":24}}},"fnMap":{"0":{"name":"(anonymous_0)","decl":{"start":{"line":6,"column":2},"end":{"line":6,"column":3}},"loc":{"start":{"line":6,"column":67},"end":{"line":12,"column":3}}}},"branchMap":{},"s":{"0":0,"1":0,"2":0,"3":0},"f":{"0":0},"b":{}}
,"/Users/reemj/Desktop/github/taskFlow/apps/api/src/auth/decorators/public.decorator.ts": {"path":"/Users/reemj/Desktop/github/taskFlow/apps/api/src/auth/decorators/public.decorator.ts","statementMap":{"0":{"start":{"line":1,"column":0},"end":{"line":1,"column":45}},"1":{"start":{"line":3,"column":13},"end":{"line":3,"column":40}},"2":{"start":{"line":5,"column":22},"end":{"line":6,"column":34}},"3":{"start":{"line":6,"column":2},"end":{"line":6,"column":34}},"4":{"start":{"line":5,"column":13},"end":{"line":5,"column":22}}},"fnMap":{"0":{"name":"(anonymous_0)","decl":{"start":{"line":5,"column":22},"end":{"line":5,"column":59}},"loc":{"start":{"line":6,"column":2},"end":{"line":6,"column":34}}}},"branchMap":{},"s":{"0":1,"1":1,"2":1,"3":1,"4":1},"f":{"0":1},"b":{}}
,"/Users/reemj/Desktop/github/taskFlow/apps/api/src/auth/decorators/roles.decorator.ts": {"path":"/Users/reemj/Desktop/github/taskFlow/apps/api/src/auth/decorators/roles.decorator.ts","statementMap":{"0":{"start":{"line":1,"column":0},"end":{"line":1,"column":45}},"1":{"start":{"line":4,"column":13},"end":{"line":4,"column":33}},"2":{"start":{"line":6,"column":21},"end":{"line":7,"column":31}},"3":{"start":{"line":7,"column":2},"end":{"line":7,"column":31}},"4":{"start":{"line":6,"column":13},"end":{"line":6,"column":21}}},"fnMap":{"0":{"name":"(anonymous_0)","decl":{"start":{"line":6,"column":21},"end":{"line":6,"column":22}},"loc":{"start":{"line":7,"column":2},"end":{"line":7,"column":31}}}},"branchMap":{},"s":{"0":0,"1":0,"2":0,"3":0,"4":0},"f":{"0":0},"b":{}}
,"/Users/reemj/Desktop/github/taskFlow/apps/api/src/auth/dto/login.dto.ts": {"path":"/Users/reemj/Desktop/github/taskFlow/apps/api/src/auth/dto/login.dto.ts","statementMap":{"0":{"start":{"line":1,"column":0},"end":{"line":1,"column":74}},"1":{"start":{"line":3,"column":0},"end":{"line":3,"column":13}},"2":{"start":{"line":6,"column":2},"end":{"line":6,"column":null}},"3":{"start":{"line":11,"column":2},"end":{"line":11,"column":null}}},"fnMap":{},"branchMap":{},"s":{"0":0,"1":0,"2":0,"3":0},"f":{},"b":{}}
,"/Users/reemj/Desktop/github/taskFlow/apps/api/src/auth/dto/register.dto.ts": {"path":"/Users/reemj/Desktop/github/taskFlow/apps/api/src/auth/dto/register.dto.ts","statementMap":{"0":{"start":{"line":1,"column":0},"end":{"line":1,"column":null}},"1":{"start":{"line":9,"column":0},"end":{"line":9,"column":13}},"2":{"start":{"line":13,"column":2},"end":{"line":13,"column":null}},"3":{"start":{"line":17,"column":2},"end":{"line":17,"column":null}},"4":{"start":{"line":26,"column":2},"end":{"line":26,"column":null}}},"fnMap":{},"branchMap":{},"s":{"0":0,"1":0,"2":0,"3":0,"4":0},"f":{},"b":{}}
,"/Users/reemj/Desktop/github/taskFlow/apps/api/src/auth/guards/jwt-auth.guard.ts": {"path":"/Users/reemj/Desktop/github/taskFlow/apps/api/src/auth/guards/jwt-auth.guard.ts","statementMap":{"0":{"start":{"line":1,"column":0},"end":{"line":1,"column":null}},"1":{"start":{"line":7,"column":0},"end":{"line":7,"column":41}},"2":{"start":{"line":8,"column":0},"end":{"line":8,"column":41}},"3":{"start":{"line":10,"column":0},"end":{"line":10,"column":60}},"4":{"start":{"line":12,"column":0},"end":{"line":12,"column":63}},"5":{"start":{"line":19,"column":7},"end":{"line":94,"column":null}},"6":{"start":{"line":21,"column":21},"end":{"line":21,"column":32}},"7":{"start":{"line":22,"column":21},"end":{"line":22,"column":33}},"8":{"start":{"line":23,"column":21},"end":{"line":23,"column":29}},"9":{"start":{"line":27,"column":21},"end":{"line":30,"column":6}},"10":{"start":{"line":32,"column":4},"end":{"line":34,"column":5}},"11":{"start":{"line":33,"column":6},"end":{"line":33,"column":18}},"12":{"start":{"line":36,"column":20},"end":{"line":36,"column":77}},"13":{"start":{"line":38,"column":18},"end":{"line":38,"column":50}},"14":{"start":{"line":40,"column":4},"end":{"line":42,"column":5}},"15":{"start":{"line":41,"column":6},"end":{"line":41,"column":68}},"16":{"start":{"line":46,"column":4},"end":{"line":50,"column":5}},"17":{"start":{"line":47,"column":6},"end":{"line":47,"column":69}},"18":{"start":{"line":49,"column":6},"end":{"line":49,"column":73}},"19":{"start":{"line":52,"column":4},"end":{"line":54,"column":5}},"20":{"start":{"line":53,"column":6},"end":{"line":53,"column":70}},"21":{"start":{"line":56,"column":17},"end":{"line":66,"column":6}},"22":{"start":{"line":68,"column":4},"end":{"line":72,"column":5}},"23":{"start":{"line":69,"column":6},"end":{"line":71,"column":8}},"24":{"start":{"line":74,"column":4},"end":{"line":74,"column":24}},"25":{"start":{"line":76,"column":4},"end":{"line":76,"column":16}},"26":{"start":{"line":80,"column":26},"end":{"line":80,"column":55}},"27":{"start":{"line":82,"column":4},"end":{"line":84,"column":5}},"28":{"start":{"line":83,"column":6},"end":{"line":83,"column":23}},"29":{"start":{"line":86,"column":26},"end":{"line":86,"column":50}},"30":{"start":{"line":88,"column":4},"end":{"line":90,"column":5}},"31":{"start":{"line":89,"column":6},"end":{"line":89,"column":23}},"32":{"start":{"line":92,"column":4},"end":{"line":92,"column":17}},"33":{"start":{"line":19,"column":13},"end":{"line":19,"column":25}},"34":{"start":{"line":19,"column":13},"end":{"line":94,"column":null}}},"fnMap":{"0":{"name":"(anonymous_2)","decl":{"start":{"line":20,"column":2},"end":{"line":20,"column":null}},"loc":{"start":{"line":23,"column":42},"end":{"line":24,"column":6}}},"1":{"name":"(anonymous_3)","decl":{"start":{"line":26,"column":2},"end":{"line":26,"column":7}},"loc":{"start":{"line":26,"column":45},"end":{"line":77,"column":3}}},"2":{"name":"(anonymous_4)","decl":{"start":{"line":79,"column":10},"end":{"line":79,"column":28}},"loc":{"start":{"line":79,"column":45},"end":{"line":93,"column":3}}}},"branchMap":{"0":{"loc":{"start":{"line":32,"column":4},"end":{"line":34,"column":5}},"type":"if","locations":[{"start":{"line":32,"column":4},"end":{"line":34,"column":5}},{"start":{},"end":{}}]},"1":{"loc":{"start":{"line":40,"column":4},"end":{"line":42,"column":5}},"type":"if","locations":[{"start":{"line":40,"column":4},"end":{"line":42,"column":5}},{"start":{},"end":{}}]},"2":{"loc":{"start":{"line":52,"column":4},"end":{"line":54,"column":5}},"type":"if","locations":[{"start":{"line":52,"column":4},"end":{"line":54,"column":5}},{"start":{},"end":{}}]},"3":{"loc":{"start":{"line":68,"column":4},"end":{"line":72,"column":5}},"type":"if","locations":[{"start":{"line":68,"column":4},"end":{"line":72,"column":5}},{"start":{},"end":{}}]},"4":{"loc":{"start":{"line":82,"column":4},"end":{"line":84,"column":5}},"type":"if","locations":[{"start":{"line":82,"column":4},"end":{"line":84,"column":5}},{"start":{},"end":{}}]},"5":{"loc":{"start":{"line":88,"column":4},"end":{"line":90,"column":5}},"type":"if","locations":[{"start":{"line":88,"column":4},"end":{"line":90,"column":5}},{"start":{},"end":{}}]},"6":{"loc":{"start":{"line":88,"column":8},"end":{"line":88,"column":35}},"type":"binary-expr","locations":[{"start":{"line":88,"column":8},"end":{"line":88,"column":25}},{"start":{"line":88,"column":29},"end":{"line":88,"column":35}}]},"7":{"loc":{"start":{"line":21,"column":32},"end":{"line":21,"column":null}},"type":"cond-expr","locations":[{"start":{"line":21,"column":41},"end":{"line":21,"column":null}},{"start":{"line":21,"column":41},"end":{"line":21,"column":null}}]},"8":{"loc":{"start":{"line":21,"column":32},"end":{"line":21,"column":41}},"type":"binary-expr","locations":[{"start":{"line":21,"column":32},"end":{"line":21,"column":null}},{"start":{"line":21,"column":32},"end":{"line":21,"column":41}}]},"9":{"loc":{"start":{"line":21,"column":41},"end":{"line":22,"column":null}},"type":"cond-expr","locations":[{"start":{"line":22,"column":43},"end":{"line":22,"column":null}},{"start":{"line":22,"column":43},"end":{"line":22,"column":null}}]},"10":{"loc":{"start":{"line":21,"column":41},"end":{"line":22,"column":43}},"type":"binary-expr","locations":[{"start":{"line":21,"column":41},"end":{"line":22,"column":null}},{"start":{"line":22,"column":33},"end":{"line":22,"column":43}}]},"11":{"loc":{"start":{"line":22,"column":43},"end":{"line":23,"column":null}},"type":"cond-expr","locations":[{"start":{"line":23,"column":42},"end":{"line":23,"column":null}},{"start":{"line":23,"column":42},"end":{"line":23,"column":null}}]},"12":{"loc":{"start":{"line":22,"column":43},"end":{"line":23,"column":42}},"type":"binary-expr","locations":[{"start":{"line":22,"column":43},"end":{"line":23,"column":null}},{"start":{"line":23,"column":29},"end":{"line":23,"column":42}}]}},"s":{"0":0,"1":0,"2":0,"3":0,"4":0,"5":0,"6":0,"7":0,"8":0,"9":0,"10":0,"11":0,"12":0,"13":0,"14":0,"15":0,"16":0,"17":0,"18":0,"19":0,"20":0,"21":0,"22":0,"23":0,"24":0,"25":0,"26":0,"27":0,"28":0,"29":0,"30":0,"31":0,"32":0,"33":0,"34":0},"f":{"0":0,"1":0,"2":0},"b":{"0":[0,0],"1":[0,0],"2":[0,0],"3":[0,0],"4":[0,0],"5":[0,0],"6":[0,0],"7":[0,0],"8":[0,0],"9":[0,0],"10":[0,0],"11":[0,0],"12":[0,0]}}
,"/Users/reemj/Desktop/github/taskFlow/apps/api/src/auth/guards/roles.guard.ts": {"path":"/Users/reemj/Desktop/github/taskFlow/apps/api/src/auth/guards/roles.guard.ts","statementMap":{"0":{"start":{"line":1,"column":0},"end":{"line":1,"column":null}},"1":{"start":{"line":8,"column":0},"end":{"line":8,"column":41}},"2":{"start":{"line":10,"column":0},"end":{"line":10,"column":58}},"3":{"start":{"line":14,"column":7},"end":{"line":43,"column":null}},"4":{"start":{"line":15,"column":31},"end":{"line":15,"column":42}},"5":{"start":{"line":18,"column":26},"end":{"line":21,"column":6}},"6":{"start":{"line":23,"column":4},"end":{"line":25,"column":5}},"7":{"start":{"line":24,"column":6},"end":{"line":24,"column":18}},"8":{"start":{"line":27,"column":20},"end":{"line":27,"column":null}},"9":{"start":{"line":31,"column":4},"end":{"line":33,"column":5}},"10":{"start":{"line":32,"column":6},"end":{"line":32,"column":68}},"11":{"start":{"line":35,"column":4},"end":{"line":39,"column":5}},"12":{"start":{"line":36,"column":6},"end":{"line":38,"column":8}},"13":{"start":{"line":41,"column":4},"end":{"line":41,"column":16}},"14":{"start":{"line":14,"column":13},"end":{"line":14,"column":23}},"15":{"start":{"line":14,"column":13},"end":{"line":43,"column":null}}},"fnMap":{"0":{"name":"(anonymous_2)","decl":{"start":{"line":15,"column":2},"end":{"line":15,"column":31}},"loc":{"start":{"line":15,"column":51},"end":{"line":15,"column":55}}},"1":{"name":"(anonymous_3)","decl":{"start":{"line":17,"column":2},"end":{"line":17,"column":13}},"loc":{"start":{"line":17,"column":39},"end":{"line":42,"column":3}}}},"branchMap":{"0":{"loc":{"start":{"line":23,"column":4},"end":{"line":25,"column":5}},"type":"if","locations":[{"start":{"line":23,"column":4},"end":{"line":25,"column":5}},{"start":{},"end":{}}]},"1":{"loc":{"start":{"line":23,"column":8},"end":{"line":23,"column":52}},"type":"binary-expr","locations":[{"start":{"line":23,"column":8},"end":{"line":23,"column":22}},{"start":{"line":23,"column":26},"end":{"line":23,"column":52}}]},"2":{"loc":{"start":{"line":31,"column":4},"end":{"line":33,"column":5}},"type":"if","locations":[{"start":{"line":31,"column":4},"end":{"line":33,"column":5}},{"start":{},"end":{}}]},"3":{"loc":{"start":{"line":35,"column":4},"end":{"line":39,"column":5}},"type":"if","locations":[{"start":{"line":35,"column":4},"end":{"line":39,"column":5}},{"start":{},"end":{}}]},"4":{"loc":{"start":{"line":15,"column":42},"end":{"line":15,"column":54}},"type":"cond-expr","locations":[{"start":{"line":15,"column":51},"end":{"line":15,"column":54}},{"start":{"line":15,"column":51},"end":{"line":15,"column":54}}]},"5":{"loc":{"start":{"line":15,"column":42},"end":{"line":15,"column":51}},"type":"binary-expr","locations":[{"start":{"line":15,"column":42},"end":{"line":15,"column":54}},{"start":{"line":15,"column":42},"end":{"line":15,"column":51}}]}},"s":{"0":0,"1":0,"2":0,"3":0,"4":0,"5":0,"6":0,"7":0,"8":0,"9":0,"10":0,"11":0,"12":0,"13":0,"14":0,"15":0},"f":{"0":0,"1":0},"b":{"0":[0,0],"1":[0,0],"2":[0,0],"3":[0,0],"4":[0,0],"5":[0,0]}}
,"/Users/reemj/Desktop/github/taskFlow/apps/api/src/common/filters/http-exception.filter.ts": {"path":"/Users/reemj/Desktop/github/taskFlow/apps/api/src/common/filters/http-exception.filter.ts","statementMap":{"0":{"start":{"line":1,"column":0},"end":{"line":1,"column":null}},"1":{"start":{"line":16,"column":43},"end":{"line":24,"column":2}},"2":{"start":{"line":27,"column":7},"end":{"line":81,"column":null}},"3":{"start":{"line":29,"column":20},"end":{"line":29,"column":39}},"4":{"start":{"line":31,"column":21},"end":{"line":31,"column":52}},"5":{"start":{"line":32,"column":20},"end":{"line":32,"column":49}},"6":{"start":{"line":35,"column":6},"end":{"line":37,"column":42}},"7":{"start":{"line":39,"column":18},"end":{"line":39,"column":48}},"8":{"start":{"line":40,"column":16},"end":{"line":40,"column":53}},"9":{"start":{"line":43,"column":4},"end":{"line":70,"column":5}},"10":{"start":{"line":44,"column":32},"end":{"line":44,"column":55}},"11":{"start":{"line":46,"column":6},"end":{"line":67,"column":7}},"12":{"start":{"line":47,"column":8},"end":{"line":47,"column":36}},"13":{"start":{"line":49,"column":21},"end":{"line":49,"column":63}},"14":{"start":{"line":51,"column":8},"end":{"line":58,"column":9}},"15":{"start":{"line":52,"column":10},"end":{"line":52,"column":40}},"16":{"start":{"line":53,"column":10},"end":{"line":55,"column":12}},"17":{"start":{"line":56,"column":15},"end":{"line":58,"column":9}},"18":{"start":{"line":57,"column":10},"end":{"line":57,"column":33}},"19":{"start":{"line":60,"column":8},"end":{"line":62,"column":9}},"20":{"start":{"line":61,"column":10},"end":{"line":61,"column":29}},"21":{"start":{"line":64,"column":8},"end":{"line":66,"column":9}},"22":{"start":{"line":65,"column":10},"end":{"line":65,"column":33}},"23":{"start":{"line":69,"column":6},"end":{"line":69,"column":31}},"24":{"start":{"line":72,"column":4},"end":{"line":79,"column":7}},"25":{"start":{"line":27,"column":13},"end":{"line":27,"column":32}},"26":{"start":{"line":27,"column":13},"end":{"line":81,"column":null}}},"fnMap":{"0":{"name":"(anonymous_1)","decl":{"start":{"line":28,"column":2},"end":{"line":28,"column":7}},"loc":{"start":{"line":28,"column":47},"end":{"line":80,"column":3}}}},"branchMap":{"0":{"loc":{"start":{"line":35,"column":6},"end":{"line":37,"column":42}},"type":"cond-expr","locations":[{"start":{"line":36,"column":10},"end":{"line":36,"column":31}},{"start":{"line":37,"column":10},"end":{"line":37,"column":42}}]},"1":{"loc":{"start":{"line":40,"column":16},"end":{"line":40,"column":53}},"type":"binary-expr","locations":[{"start":{"line":40,"column":16},"end":{"line":40,"column":34}},{"start":{"line":40,"column":38},"end":{"line":40,"column":53}}]},"2":{"loc":{"start":{"line":43,"column":4},"end":{"line":70,"column":5}},"type":"if","locations":[{"start":{"line":43,"column":4},"end":{"line":70,"column":5}},{"start":{"line":68,"column":11},"end":{"line":70,"column":5}}]},"3":{"loc":{"start":{"line":46,"column":6},"end":{"line":67,"column":7}},"type":"if","locations":[{"start":{"line":46,"column":6},"end":{"line":67,"column":7}},{"start":{"line":48,"column":13},"end":{"line":67,"column":7}}]},"4":{"loc":{"start":{"line":51,"column":8},"end":{"line":58,"column":9}},"type":"if","locations":[{"start":{"line":51,"column":8},"end":{"line":58,"column":9}},{"start":{"line":56,"column":15},"end":{"line":58,"column":9}}]},"5":{"loc":{"start":{"line":56,"column":15},"end":{"line":58,"column":9}},"type":"if","locations":[{"start":{"line":56,"column":15},"end":{"line":58,"column":9}},{"start":{},"end":{}}]},"6":{"loc":{"start":{"line":60,"column":8},"end":{"line":62,"column":9}},"type":"if","locations":[{"start":{"line":60,"column":8},"end":{"line":62,"column":9}},{"start":{},"end":{}}]},"7":{"loc":{"start":{"line":64,"column":8},"end":{"line":66,"column":9}},"type":"if","locations":[{"start":{"line":64,"column":8},"end":{"line":66,"column":9}},{"start":{},"end":{}}]},"8":{"loc":{"start":{"line":76,"column":10},"end":{"line":76,"column":50}},"type":"cond-expr","locations":[{"start":{"line":76,"column":34},"end":{"line":76,"column":45}},{"start":{"line":76,"column":48},"end":{"line":76,"column":50}}]}},"s":{"0":0,"1":0,"2":0,"3":0,"4":0,"5":0,"6":0,"7":0,"8":0,"9":0,"10":0,"11":0,"12":0,"13":0,"14":0,"15":0,"16":0,"17":0,"18":0,"19":0,"20":0,"21":0,"22":0,"23":0,"24":0,"25":0,"26":0},"f":{"0":0},"b":{"0":[0,0],"1":[0,0],"2":[0,0],"3":[0,0],"4":[0,0],"5":[0,0],"6":[0,0],"7":[0,0],"8":[0,0]}}
,"/Users/reemj/Desktop/github/taskFlow/apps/api/src/generated/prisma/browser.ts": {"path":"/Users/reemj/Desktop/github/taskFlow/apps/api/src/generated/prisma/browser.ts","statementMap":{"0":{"start":{"line":16,"column":0},"end":{"line":16,"column":62}},"1":{"start":{"line":17,"column":9},"end":{"line":17,"column":15}},"2":{"start":{"line":18,"column":0},"end":{"line":18,"column":36}},"3":{"start":{"line":19,"column":0},"end":{"line":19,"column":27}}},"fnMap":{},"branchMap":{},"s":{"0":0,"1":0,"2":0,"3":0},"f":{},"b":{}}
,"/Users/reemj/Desktop/github/taskFlow/apps/api/src/generated/prisma/client.ts": {"path":"/Users/reemj/Desktop/github/taskFlow/apps/api/src/generated/prisma/client.ts","statementMap":{"0":{"start":{"line":18,"column":0},"end":{"line":18,"column":45}},"1":{"start":{"line":19,"column":0},"end":{"line":19,"column":55}},"2":{"start":{"line":40,"column":9},"end":{"line":40,"column":15}},"3":{"start":{"line":21,"column":0},"end":{"line":21,"column":36}},"4":{"start":{"line":22,"column":0},"end":{"line":22,"column":26}},"5":{"start":{"line":38,"column":13},"end":{"line":38,"column":null}}},"fnMap":{},"branchMap":{},"s":{"0":3,"1":3,"2":3,"3":3,"4":3,"5":3},"f":{},"b":{}}
,"/Users/reemj/Desktop/github/taskFlow/apps/api/src/generated/prisma/enums.ts": {"path":"/Users/reemj/Desktop/github/taskFlow/apps/api/src/generated/prisma/enums.ts","statementMap":{"0":{"start":{"line":12,"column":13},"end":{"line":15,"column":null}},"1":{"start":{"line":20,"column":13},"end":{"line":27,"column":null}},"2":{"start":{"line":32,"column":13},"end":{"line":37,"column":null}},"3":{"start":{"line":42,"column":13},"end":{"line":46,"column":null}},"4":{"start":{"line":51,"column":13},"end":{"line":71,"column":null}}},"fnMap":{},"branchMap":{},"s":{"0":3,"1":3,"2":3,"3":3,"4":3},"f":{},"b":{}}
,"/Users/reemj/Desktop/github/taskFlow/apps/api/src/generated/prisma/internal/class.ts": {"path":"/Users/reemj/Desktop/github/taskFlow/apps/api/src/generated/prisma/internal/class.ts","statementMap":{"0":{"start":{"line":252,"column":0},"end":{"line":252,"column":16}},"1":{"start":{"line":14,"column":0},"end":{"line":14,"column":56}},"2":{"start":{"line":18,"column":46},"end":{"line":33,"column":null}},"3":{"start":{"line":35,"column":0},"end":{"line":35,"column":null}},"4":{"start":{"line":36,"column":0},"end":{"line":39,"column":null}},"5":{"start":{"line":42,"column":21},"end":{"line":42,"column":48}},"6":{"start":{"line":43,"column":20},"end":{"line":43,"column":53}},"7":{"start":{"line":44,"column":2},"end":{"line":44,"column":null}},"8":{"start":{"line":47,"column":0},"end":{"line":56,"column":null}},"9":{"start":{"line":48,"column":26},"end":{"line":48,"column":101}},"10":{"start":{"line":51,"column":21},"end":{"line":51,"column":108}},"11":{"start":{"line":52,"column":4},"end":{"line":52,"column":null}},"12":{"start":{"line":253,"column":2},"end":{"line":253,"column":null}}},"fnMap":{"0":{"name":"decodeBase64AsWasm","decl":{"start":{"line":41,"column":15},"end":{"line":41,"column":33}},"loc":{"start":{"line":41,"column":52},"end":{"line":45,"column":1}}},"1":{"name":"(anonymous_10)","decl":{"start":{"line":48,"column":14},"end":{"line":48,"column":19}},"loc":{"start":{"line":48,"column":26},"end":{"line":48,"column":101}}},"2":{"name":"(anonymous_11)","decl":{"start":{"line":50,"column":30},"end":{"line":50,"column":35}},"loc":{"start":{"line":50,"column":41},"end":{"line":53,"column":3}}},"3":{"name":"getPrismaClientClass","decl":{"start":{"line":252,"column":16},"end":{"line":252,"column":36}},"loc":{"start":{"line":252,"column":36},"end":{"line":254,"column":1}}}},"branchMap":{},"s":{"0":3,"1":3,"2":3,"3":3,"4":3,"5":0,"6":0,"7":0,"8":3,"9":0,"10":0,"11":0,"12":3},"f":{"0":0,"1":0,"2":0,"3":3},"b":{}}
,"/Users/reemj/Desktop/github/taskFlow/apps/api/src/generated/prisma/internal/prismaNamespace.ts": {"path":"/Users/reemj/Desktop/github/taskFlow/apps/api/src/generated/prisma/internal/prismaNamespace.ts","statementMap":{"0":{"start":{"line":18,"column":0},"end":{"line":18,"column":56}},"1":{"start":{"line":32,"column":13},"end":{"line":32,"column":null}},"2":{"start":{"line":35,"column":13},"end":{"line":35,"column":null}},"3":{"start":{"line":38,"column":13},"end":{"line":38,"column":null}},"4":{"start":{"line":41,"column":13},"end":{"line":41,"column":null}},"5":{"start":{"line":44,"column":13},"end":{"line":44,"column":null}},"6":{"start":{"line":50,"column":13},"end":{"line":50,"column":null}},"7":{"start":{"line":51,"column":13},"end":{"line":51,"column":null}},"8":{"start":{"line":52,"column":13},"end":{"line":52,"column":null}},"9":{"start":{"line":53,"column":13},"end":{"line":53,"column":null}},"10":{"start":{"line":54,"column":13},"end":{"line":54,"column":null}},"11":{"start":{"line":62,"column":13},"end":{"line":62,"column":null}},"12":{"start":{"line":71,"column":13},"end":{"line":71,"column":null}},"13":{"start":{"line":86,"column":13},"end":{"line":89,"column":null}},"14":{"start":{"line":104,"column":13},"end":{"line":108,"column":null}},"15":{"start":{"line":114,"column":13},"end":{"line":114,"column":null}},"16":{"start":{"line":121,"column":13},"end":{"line":121,"column":null}},"17":{"start":{"line":128,"column":13},"end":{"line":128,"column":null}},"18":{"start":{"line":386,"column":13},"end":{"line":393,"column":null}},"19":{"start":{"line":885,"column":13},"end":{"line":890,"column":null}},"20":{"start":{"line":895,"column":13},"end":{"line":903,"column":null}},"21":{"start":{"line":908,"column":13},"end":{"line":919,"column":null}},"22":{"start":{"line":924,"column":13},"end":{"line":929,"column":null}},"23":{"start":{"line":934,"column":13},"end":{"line":943,"column":null}},"24":{"start":{"line":948,"column":13},"end":{"line":961,"column":null}},"25":{"start":{"line":966,"column":13},"end":{"line":977,"column":null}},"26":{"start":{"line":982,"column":13},"end":{"line":985,"column":null}},"27":{"start":{"line":990,"column":13},"end":{"line":993,"column":null}},"28":{"start":{"line":998,"column":13},"end":{"line":1001,"column":null}},"29":{"start":{"line":1006,"column":13},"end":{"line":1010,"column":null}},"30":{"start":{"line":1015,"column":13},"end":{"line":1018,"column":null}},"31":{"start":{"line":1175,"column":13},"end":{"line":1175,"column":null}}},"fnMap":{},"branchMap":{},"s":{"0":3,"1":3,"2":3,"3":3,"4":3,"5":3,"6":3,"7":3,"8":3,"9":3,"10":3,"11":3,"12":3,"13":3,"14":3,"15":3,"16":3,"17":3,"18":3,"19":3,"20":3,"21":3,"22":3,"23":3,"24":3,"25":3,"26":3,"27":3,"28":3,"29":3,"30":3,"31":3},"f":{},"b":{}}
,"/Users/reemj/Desktop/github/taskFlow/apps/api/src/generated/prisma/internal/prismaNamespaceBrowser.ts": {"path":"/Users/reemj/Desktop/github/taskFlow/apps/api/src/generated/prisma/internal/prismaNamespaceBrowser.ts","statementMap":{"0":{"start":{"line":18,"column":0},"end":{"line":18,"column":63}},"1":{"start":{"line":23,"column":13},"end":{"line":23,"column":null}},"2":{"start":{"line":26,"column":13},"end":{"line":30,"column":null}},"3":{"start":{"line":36,"column":13},"end":{"line":36,"column":null}},"4":{"start":{"line":43,"column":13},"end":{"line":43,"column":null}},"5":{"start":{"line":50,"column":13},"end":{"line":50,"column":null}},"6":{"start":{"line":53,"column":13},"end":{"line":60,"column":null}},"7":{"start":{"line":68,"column":13},"end":{"line":73,"column":null}},"8":{"start":{"line":78,"column":13},"end":{"line":86,"column":null}},"9":{"start":{"line":91,"column":13},"end":{"line":102,"column":null}},"10":{"start":{"line":107,"column":13},"end":{"line":112,"column":null}},"11":{"start":{"line":117,"column":13},"end":{"line":126,"column":null}},"12":{"start":{"line":131,"column":13},"end":{"line":144,"column":null}},"13":{"start":{"line":149,"column":13},"end":{"line":160,"column":null}},"14":{"start":{"line":165,"column":13},"end":{"line":168,"column":null}},"15":{"start":{"line":173,"column":13},"end":{"line":176,"column":null}},"16":{"start":{"line":181,"column":13},"end":{"line":184,"column":null}},"17":{"start":{"line":189,"column":13},"end":{"line":193,"column":null}},"18":{"start":{"line":198,"column":13},"end":{"line":201,"column":null}}},"fnMap":{},"branchMap":{},"s":{"0":0,"1":0,"2":0,"3":0,"4":0,"5":0,"6":0,"7":0,"8":0,"9":0,"10":0,"11":0,"12":0,"13":0,"14":0,"15":0,"16":0,"17":0,"18":0},"f":{},"b":{}}
,"/Users/reemj/Desktop/github/taskFlow/apps/api/src/prisma/prisma.module.ts": {"path":"/Users/reemj/Desktop/github/taskFlow/apps/api/src/prisma/prisma.module.ts","statementMap":{"0":{"start":{"line":1,"column":0},"end":{"line":1,"column":48}},"1":{"start":{"line":2,"column":0},"end":{"line":2,"column":49}},"2":{"start":{"line":9,"column":7},"end":{"line":9,"column":null}},"3":{"start":{"line":9,"column":13},"end":{"line":9,"column":25}},"4":{"start":{"line":9,"column":13},"end":{"line":9,"column":null}}},"fnMap":{},"branchMap":{},"s":{"0":0,"1":0,"2":0,"3":0,"4":0},"f":{},"b":{}}
,"/Users/reemj/Desktop/github/taskFlow/apps/api/src/prisma/prisma.service.ts": {"path":"/Users/reemj/Desktop/github/taskFlow/apps/api/src/prisma/prisma.service.ts","statementMap":{"0":{"start":{"line":1,"column":0},"end":{"line":1,"column":75}},"1":{"start":{"line":2,"column":0},"end":{"line":2,"column":46}},"2":{"start":{"line":3,"column":0},"end":{"line":3,"column":58}},"3":{"start":{"line":6,"column":7},"end":{"line":31,"column":null}},"4":{"start":{"line":11,"column":29},"end":{"line":11,"column":53}},"5":{"start":{"line":13,"column":4},"end":{"line":15,"column":5}},"6":{"start":{"line":14,"column":6},"end":{"line":14,"column":53}},"7":{"start":{"line":17,"column":20},"end":{"line":19,"column":6}},"8":{"start":{"line":21,"column":4},"end":{"line":21,"column":23}},"9":{"start":{"line":25,"column":4},"end":{"line":25,"column":26}},"10":{"start":{"line":29,"column":4},"end":{"line":29,"column":29}},"11":{"start":{"line":6,"column":13},"end":{"line":6,"column":26}},"12":{"start":{"line":6,"column":13},"end":{"line":31,"column":null}}},"fnMap":{"0":{"name":"(anonymous_2)","decl":{"start":{"line":10,"column":2},"end":{"line":10,"column":null}},"loc":{"start":{"line":10,"column":2},"end":{"line":22,"column":3}}},"1":{"name":"(anonymous_3)","decl":{"start":{"line":24,"column":2},"end":{"line":24,"column":7}},"loc":{"start":{"line":24,"column":20},"end":{"line":26,"column":3}}},"2":{"name":"(anonymous_4)","decl":{"start":{"line":28,"column":2},"end":{"line":28,"column":7}},"loc":{"start":{"line":28,"column":23},"end":{"line":30,"column":3}}}},"branchMap":{"0":{"loc":{"start":{"line":13,"column":4},"end":{"line":15,"column":5}},"type":"if","locations":[{"start":{"line":13,"column":4},"end":{"line":15,"column":5}},{"start":{},"end":{}}]}},"s":{"0":3,"1":3,"2":3,"3":3,"4":0,"5":0,"6":0,"7":0,"8":0,"9":0,"10":0,"11":3,"12":3},"f":{"0":0,"1":0,"2":0},"b":{"0":[0,0]}}
,"/Users/reemj/Desktop/github/taskFlow/apps/api/src/users/users.controller.ts": {"path":"/Users/reemj/Desktop/github/taskFlow/apps/api/src/users/users.controller.ts","statementMap":{"0":{"start":{"line":1,"column":0},"end":{"line":1,"column":49}},"1":{"start":{"line":2,"column":0},"end":{"line":2,"column":59}},"2":{"start":{"line":3,"column":0},"end":{"line":3,"column":50}},"3":{"start":{"line":4,"column":0},"end":{"line":4,"column":47}},"4":{"start":{"line":7,"column":7},"end":{"line":15,"column":null}},"5":{"start":{"line":8,"column":31},"end":{"line":8,"column":45}},"6":{"start":{"line":13,"column":4},"end":{"line":13,"column":43}},"7":{"start":{"line":7,"column":13},"end":{"line":7,"column":28}},"8":{"start":{"line":12,"column":2},"end":{"line":14,"column":null}},"9":{"start":{"line":7,"column":13},"end":{"line":15,"column":null}}},"fnMap":{"0":{"name":"(anonymous_2)","decl":{"start":{"line":8,"column":2},"end":{"line":8,"column":31}},"loc":{"start":{"line":8,"column":57},"end":{"line":8,"column":61}}},"1":{"name":"(anonymous_3)","decl":{"start":{"line":12,"column":2},"end":{"line":12,"column":13}},"loc":{"start":{"line":12,"column":13},"end":{"line":14,"column":3}}}},"branchMap":{"0":{"loc":{"start":{"line":8,"column":45},"end":{"line":8,"column":60}},"type":"cond-expr","locations":[{"start":{"line":8,"column":57},"end":{"line":8,"column":60}},{"start":{"line":8,"column":57},"end":{"line":8,"column":60}}]},"1":{"loc":{"start":{"line":8,"column":45},"end":{"line":8,"column":57}},"type":"binary-expr","locations":[{"start":{"line":8,"column":45},"end":{"line":8,"column":60}},{"start":{"line":8,"column":45},"end":{"line":8,"column":57}}]}},"s":{"0":0,"1":0,"2":0,"3":0,"4":0,"5":0,"6":0,"7":0,"8":0,"9":0},"f":{"0":0,"1":0},"b":{"0":[0,0],"1":[0,0]}}
,"/Users/reemj/Desktop/github/taskFlow/apps/api/src/users/users.module.ts": {"path":"/Users/reemj/Desktop/github/taskFlow/apps/api/src/users/users.module.ts","statementMap":{"0":{"start":{"line":1,"column":0},"end":{"line":1,"column":40}},"1":{"start":{"line":2,"column":0},"end":{"line":2,"column":53}},"2":{"start":{"line":3,"column":0},"end":{"line":3,"column":47}},"3":{"start":{"line":10,"column":7},"end":{"line":10,"column":null}},"4":{"start":{"line":10,"column":13},"end":{"line":10,"column":24}},"5":{"start":{"line":10,"column":13},"end":{"line":10,"column":null}}},"fnMap":{},"branchMap":{},"s":{"0":0,"1":0,"2":0,"3":0,"4":0,"5":0},"f":{},"b":{}}
,"/Users/reemj/Desktop/github/taskFlow/apps/api/src/users/users.service.ts": {"path":"/Users/reemj/Desktop/github/taskFlow/apps/api/src/users/users.service.ts","statementMap":{"0":{"start":{"line":1,"column":0},"end":{"line":1,"column":44}},"1":{"start":{"line":2,"column":0},"end":{"line":2,"column":50}},"2":{"start":{"line":3,"column":0},"end":{"line":3,"column":57}},"3":{"start":{"line":6,"column":7},"end":{"line":25,"column":null}},"4":{"start":{"line":7,"column":31},"end":{"line":7,"column":39}},"5":{"start":{"line":10,"column":4},"end":{"line":23,"column":7}},"6":{"start":{"line":6,"column":13},"end":{"line":6,"column":25}},"7":{"start":{"line":6,"column":13},"end":{"line":25,"column":null}}},"fnMap":{"0":{"name":"(anonymous_2)","decl":{"start":{"line":7,"column":2},"end":{"line":7,"column":31}},"loc":{"start":{"line":7,"column":52},"end":{"line":7,"column":56}}},"1":{"name":"(anonymous_3)","decl":{"start":{"line":9,"column":2},"end":{"line":9,"column":13}},"loc":{"start":{"line":9,"column":13},"end":{"line":24,"column":3}}}},"branchMap":{"0":{"loc":{"start":{"line":7,"column":39},"end":{"line":7,"column":55}},"type":"cond-expr","locations":[{"start":{"line":7,"column":52},"end":{"line":7,"column":55}},{"start":{"line":7,"column":52},"end":{"line":7,"column":55}}]},"1":{"loc":{"start":{"line":7,"column":39},"end":{"line":7,"column":52}},"type":"binary-expr","locations":[{"start":{"line":7,"column":39},"end":{"line":7,"column":55}},{"start":{"line":7,"column":39},"end":{"line":7,"column":52}}]}},"s":{"0":0,"1":0,"2":0,"3":0,"4":0,"5":0,"6":0,"7":0},"f":{"0":0,"1":0},"b":{"0":[0,0],"1":[0,0]}}
,"/Users/reemj/Desktop/github/taskFlow/apps/api/src/work-items/attachments.constants.ts": {"path":"/Users/reemj/Desktop/github/taskFlow/apps/api/src/work-items/attachments.constants.ts","statementMap":{"0":{"start":{"line":1,"column":0},"end":{"line":1,"column":33}},"1":{"start":{"line":3,"column":13},"end":{"line":3,"column":57}},"2":{"start":{"line":5,"column":13},"end":{"line":5,"column":71}},"3":{"start":{"line":7,"column":13},"end":{"line":11,"column":2}},"4":{"start":{"line":13,"column":13},"end":{"line":17,"column":2}}},"fnMap":{},"branchMap":{},"s":{"0":2,"1":2,"2":2,"3":2,"4":2},"f":{},"b":{}}
,"/Users/reemj/Desktop/github/taskFlow/apps/api/src/work-items/work-items.controller.ts": {"path":"/Users/reemj/Desktop/github/taskFlow/apps/api/src/work-items/work-items.controller.ts","statementMap":{"0":{"start":{"line":1,"column":0},"end":{"line":1,"column":null}},"1":{"start":{"line":19,"column":0},"end":{"line":19,"column":59}},"2":{"start":{"line":20,"column":0},"end":{"line":20,"column":43}},"3":{"start":{"line":21,"column":0},"end":{"line":21,"column":39}},"4":{"start":{"line":22,"column":0},"end":{"line":22,"column":72}},"5":{"start":{"line":23,"column":0},"end":{"line":23,"column":59}},"6":{"start":{"line":25,"column":0},"end":{"line":25,"column":50}},"7":{"start":{"line":26,"column":0},"end":{"line":26,"column":null}},"8":{"start":{"line":30,"column":0},"end":{"line":30,"column":63}},"9":{"start":{"line":31,"column":0},"end":{"line":31,"column":63}},"10":{"start":{"line":32,"column":0},"end":{"line":32,"column":61}},"11":{"start":{"line":33,"column":0},"end":{"line":33,"column":63}},"12":{"start":{"line":34,"column":0},"end":{"line":34,"column":56}},"13":{"start":{"line":37,"column":2},"end":{"line":37,"column":67}},"14":{"start":{"line":41,"column":7},"end":{"line":165,"column":null}},"15":{"start":{"line":42,"column":31},"end":{"line":42,"column":49}},"16":{"start":{"line":50,"column":4},"end":{"line":50,"column":72}},"17":{"start":{"line":58,"column":4},"end":{"line":58,"column":61}},"18":{"start":{"line":92,"column":4},"end":{"line":92,"column":73}},"19":{"start":{"line":100,"column":23},"end":{"line":102,"column":null}},"20":{"start":{"line":105,"column":4},"end":{"line":111,"column":7}},"21":{"start":{"line":121,"column":4},"end":{"line":121,"column":67}},"22":{"start":{"line":131,"column":4},"end":{"line":135,"column":6}},"23":{"start":{"line":143,"column":4},"end":{"line":143,"column":58}},"24":{"start":{"line":153,"column":4},"end":{"line":153,"column":76}},"25":{"start":{"line":163,"column":4},"end":{"line":163,"column":57}},"26":{"start":{"line":41,"column":13},"end":{"line":41,"column":32}},"27":{"start":{"line":46,"column":2},"end":{"line":51,"column":null}},"28":{"start":{"line":54,"column":2},"end":{"line":59,"column":null}},"29":{"start":{"line":74,"column":2},"end":{"line":93,"column":null}},"30":{"start":{"line":96,"column":8},"end":{"line":112,"column":null}},"31":{"start":{"line":117,"column":2},"end":{"line":122,"column":null}},"32":{"start":{"line":126,"column":2},"end":{"line":136,"column":null}},"33":{"start":{"line":139,"column":2},"end":{"line":144,"column":null}},"34":{"start":{"line":148,"column":2},"end":{"line":154,"column":null}},"35":{"start":{"line":159,"column":2},"end":{"line":164,"column":null}},"36":{"start":{"line":41,"column":13},"end":{"line":165,"column":null}}},"fnMap":{"0":{"name":"sanitizeDownloadFilename","decl":{"start":{"line":36,"column":9},"end":{"line":36,"column":33}},"loc":{"start":{"line":36,"column":50},"end":{"line":38,"column":1}}},"1":{"name":"(anonymous_5)","decl":{"start":{"line":42,"column":2},"end":{"line":42,"column":31}},"loc":{"start":{"line":42,"column":65},"end":{"line":42,"column":69}}},"2":{"name":"(anonymous_6)","decl":{"start":{"line":46,"column":2},"end":{"line":46,"column":8}},"loc":{"start":{"line":48,"column":49},"end":{"line":51,"column":3}}},"3":{"name":"(anonymous_7)","decl":{"start":{"line":54,"column":2},"end":{"line":54,"column":9}},"loc":{"start":{"line":56,"column":36},"end":{"line":59,"column":3}}},"4":{"name":"(anonymous_8)","decl":{"start":{"line":74,"column":2},"end":{"line":74,"column":18}},"loc":{"start":{"line":90,"column":29},"end":{"line":93,"column":3}}},"5":{"name":"(anonymous_9)","decl":{"start":{"line":96,"column":8},"end":{"line":96,"column":21}},"loc":{"start":{"line":98,"column":49},"end":{"line":112,"column":3}}},"6":{"name":"(anonymous_10)","decl":{"start":{"line":117,"column":2},"end":{"line":117,"column":18}},"loc":{"start":{"line":119,"column":49},"end":{"line":122,"column":3}}},"7":{"name":"(anonymous_11)","decl":{"start":{"line":126,"column":2},"end":{"line":126,"column":15}},"loc":{"start":{"line":129,"column":49},"end":{"line":136,"column":3}}},"8":{"name":"(anonymous_12)","decl":{"start":{"line":139,"column":2},"end":{"line":139,"column":9}},"loc":{"start":{"line":141,"column":49},"end":{"line":144,"column":3}}},"9":{"name":"(anonymous_13)","decl":{"start":{"line":148,"column":2},"end":{"line":148,"column":8}},"loc":{"start":{"line":151,"column":49},"end":{"line":154,"column":3}}},"10":{"name":"(anonymous_14)","decl":{"start":{"line":159,"column":2},"end":{"line":159,"column":8}},"loc":{"start":{"line":161,"column":49},"end":{"line":164,"column":3}}}},"branchMap":{"0":{"loc":{"start":{"line":47,"column":31},"end":{"line":47,"column":null}},"type":"cond-expr","locations":[{"start":{"line":47,"column":48},"end":{"line":47,"column":null}},{"start":{"line":47,"column":48},"end":{"line":47,"column":null}}]},"1":{"loc":{"start":{"line":47,"column":31},"end":{"line":47,"column":48}},"type":"binary-expr","locations":[{"start":{"line":47,"column":31},"end":{"line":47,"column":null}},{"start":{"line":47,"column":31},"end":{"line":47,"column":48}}]},"2":{"loc":{"start":{"line":56,"column":20},"end":{"line":56,"column":null}},"type":"cond-expr","locations":[{"start":{"line":56,"column":36},"end":{"line":56,"column":null}},{"start":{"line":56,"column":36},"end":{"line":56,"column":null}}]},"3":{"loc":{"start":{"line":56,"column":20},"end":{"line":56,"column":36}},"type":"binary-expr","locations":[{"start":{"line":56,"column":20},"end":{"line":56,"column":null}},{"start":{"line":56,"column":20},"end":{"line":56,"column":36}}]},"4":{"loc":{"start":{"line":90,"column":10},"end":{"line":90,"column":null}},"type":"cond-expr","locations":[{"start":{"line":90,"column":29},"end":{"line":90,"column":null}},{"start":{"line":90,"column":29},"end":{"line":90,"column":null}}]},"5":{"loc":{"start":{"line":90,"column":10},"end":{"line":90,"column":29}},"type":"binary-expr","locations":[{"start":{"line":90,"column":10},"end":{"line":90,"column":18}},{"start":{"line":90,"column":17},"end":{"line":90,"column":25}},{"start":{"line":90,"column":24},"end":{"line":90,"column":29}}]},"6":{"loc":{"start":{"line":99,"column":5},"end":{"line":99,"column":null}},"type":"cond-expr","locations":[{"start":{"line":99,"column":12},"end":{"line":99,"column":null}},{"start":{"line":99,"column":12},"end":{"line":99,"column":null}}]},"7":{"loc":{"start":{"line":99,"column":5},"end":{"line":99,"column":12}},"type":"binary-expr","locations":[{"start":{"line":99,"column":5},"end":{"line":99,"column":null}},{"start":{"line":99,"column":5},"end":{"line":99,"column":12}}]},"8":{"loc":{"start":{"line":120,"column":5},"end":{"line":120,"column":null}},"type":"cond-expr","locations":[{"start":{"line":120,"column":12},"end":{"line":120,"column":null}},{"start":{"line":120,"column":12},"end":{"line":120,"column":null}}]},"9":{"loc":{"start":{"line":120,"column":5},"end":{"line":120,"column":12}},"type":"binary-expr","locations":[{"start":{"line":120,"column":5},"end":{"line":120,"column":null}},{"start":{"line":120,"column":5},"end":{"line":120,"column":12}}]},"10":{"loc":{"start":{"line":128,"column":31},"end":{"line":128,"column":null}},"type":"cond-expr","locations":[{"start":{"line":128,"column":48},"end":{"line":128,"column":null}},{"start":{"line":128,"column":48},"end":{"line":128,"column":null}}]},"11":{"loc":{"start":{"line":128,"column":31},"end":{"line":128,"column":48}},"type":"binary-expr","locations":[{"start":{"line":128,"column":31},"end":{"line":128,"column":null}},{"start":{"line":128,"column":31},"end":{"line":128,"column":48}}]},"12":{"loc":{"start":{"line":150,"column":31},"end":{"line":150,"column":null}},"type":"cond-expr","locations":[{"start":{"line":150,"column":48},"end":{"line":150,"column":null}},{"start":{"line":150,"column":48},"end":{"line":150,"column":null}}]},"13":{"loc":{"start":{"line":150,"column":31},"end":{"line":150,"column":48}},"type":"binary-expr","locations":[{"start":{"line":150,"column":31},"end":{"line":150,"column":null}},{"start":{"line":150,"column":31},"end":{"line":150,"column":48}}]},"14":{"loc":{"start":{"line":162,"column":5},"end":{"line":162,"column":null}},"type":"cond-expr","locations":[{"start":{"line":162,"column":12},"end":{"line":162,"column":null}},{"start":{"line":162,"column":12},"end":{"line":162,"column":null}}]},"15":{"loc":{"start":{"line":162,"column":5},"end":{"line":162,"column":12}},"type":"binary-expr","locations":[{"start":{"line":162,"column":5},"end":{"line":162,"column":null}},{"start":{"line":162,"column":5},"end":{"line":162,"column":12}}]},"16":{"loc":{"start":{"line":42,"column":49},"end":{"line":42,"column":68}},"type":"cond-expr","locations":[{"start":{"line":42,"column":65},"end":{"line":42,"column":68}},{"start":{"line":42,"column":65},"end":{"line":42,"column":68}}]},"17":{"loc":{"start":{"line":42,"column":49},"end":{"line":42,"column":65}},"type":"binary-expr","locations":[{"start":{"line":42,"column":49},"end":{"line":42,"column":68}},{"start":{"line":42,"column":49},"end":{"line":42,"column":65}}]}},"s":{"0":0,"1":0,"2":0,"3":0,"4":0,"5":0,"6":0,"7":0,"8":0,"9":0,"10":0,"11":0,"12":0,"13":0,"14":0,"15":0,"16":0,"17":0,"18":0,"19":0,"20":0,"21":0,"22":0,"23":0,"24":0,"25":0,"26":0,"27":0,"28":0,"29":0,"30":0,"31":0,"32":0,"33":0,"34":0,"35":0,"36":0},"f":{"0":0,"1":0,"2":0,"3":0,"4":0,"5":0,"6":0,"7":0,"8":0,"9":0,"10":0},"b":{"0":[0,0],"1":[0,0],"2":[0,0],"3":[0,0],"4":[0,0],"5":[0,0,0],"6":[0,0],"7":[0,0],"8":[0,0],"9":[0,0],"10":[0,0],"11":[0,0],"12":[0,0],"13":[0,0],"14":[0,0],"15":[0,0],"16":[0,0],"17":[0,0]}}
,"/Users/reemj/Desktop/github/taskFlow/apps/api/src/work-items/work-items.module.ts": {"path":"/Users/reemj/Desktop/github/taskFlow/apps/api/src/work-items/work-items.module.ts","statementMap":{"0":{"start":{"line":1,"column":0},"end":{"line":1,"column":40}},"1":{"start":{"line":2,"column":0},"end":{"line":2,"column":88}},"2":{"start":{"line":3,"column":0},"end":{"line":3,"column":82}},"3":{"start":{"line":4,"column":0},"end":{"line":4,"column":68}},"4":{"start":{"line":5,"column":0},"end":{"line":5,"column":62}},"5":{"start":{"line":6,"column":0},"end":{"line":6,"column":62}},"6":{"start":{"line":7,"column":0},"end":{"line":7,"column":56}},"7":{"start":{"line":20,"column":7},"end":{"line":20,"column":null}},"8":{"start":{"line":20,"column":13},"end":{"line":20,"column":28}},"9":{"start":{"line":20,"column":13},"end":{"line":20,"column":null}}},"fnMap":{},"branchMap":{},"s":{"0":0,"1":0,"2":0,"3":0,"4":0,"5":0,"6":0,"7":0,"8":0,"9":0},"f":{},"b":{}}
,"/Users/reemj/Desktop/github/taskFlow/apps/api/src/work-items/work-items.service.ts": {"path":"/Users/reemj/Desktop/github/taskFlow/apps/api/src/work-items/work-items.service.ts","statementMap":{"0":{"start":{"line":1,"column":0},"end":{"line":1,"column":null}},"1":{"start":{"line":8,"column":0},"end":{"line":8,"column":41}},"2":{"start":{"line":9,"column":0},"end":{"line":9,"column":68}},"3":{"start":{"line":10,"column":0},"end":{"line":10,"column":57}},"4":{"start":{"line":11,"column":0},"end":{"line":11,"column":null}},"5":{"start":{"line":17,"column":0},"end":{"line":17,"column":57}},"6":{"start":{"line":19,"column":0},"end":{"line":19,"column":null}},"7":{"start":{"line":28,"column":26},"end":{"line":33,"column":30}},"8":{"start":{"line":35,"column":32},"end":{"line":42,"column":36}},"9":{"start":{"line":44,"column":27},"end":{"line":74,"column":34}},"10":{"start":{"line":76,"column":29},"end":{"line":138,"column":34}},"11":{"start":{"line":166,"column":7},"end":{"line":968,"column":null}},"12":{"start":{"line":167,"column":31},"end":{"line":167,"column":39}},"13":{"start":{"line":173,"column":4},"end":{"line":173,"column":36}},"14":{"start":{"line":175,"column":21},"end":{"line":203,"column":6}},"15":{"start":{"line":205,"column":4},"end":{"line":205,"column":46}},"16":{"start":{"line":209,"column":4},"end":{"line":211,"column":5}},"17":{"start":{"line":210,"column":6},"end":{"line":210,"column":75}},"18":{"start":{"line":213,"column":18},"end":{"line":213,"column":62}},"19":{"start":{"line":215,"column":22},"end":{"line":226,"column":6}},"20":{"start":{"line":228,"column":4},"end":{"line":228,"column":75}},"21":{"start":{"line":228,"column":39},"end":{"line":228,"column":73}},"22":{"start":{"line":232,"column":18},"end":{"line":232,"column":65}},"23":{"start":{"line":234,"column":21},"end":{"line":237,"column":6}},"24":{"start":{"line":239,"column":4},"end":{"line":241,"column":5}},"25":{"start":{"line":240,"column":6},"end":{"line":240,"column":57}},"26":{"start":{"line":243,"column":4},"end":{"line":243,"column":46}},"27":{"start":{"line":251,"column":4},"end":{"line":251,"column":36}},"28":{"start":{"line":253,"column":26},"end":{"line":253,"column":56}},"29":{"start":{"line":255,"column":4},"end":{"line":257,"column":5}},"30":{"start":{"line":256,"column":6},"end":{"line":256,"column":75}},"31":{"start":{"line":259,"column":4},"end":{"line":259,"column":36}},"32":{"start":{"line":261,"column":45},"end":{"line":277,"column":6}},"33":{"start":{"line":279,"column":4},"end":{"line":281,"column":5}},"34":{"start":{"line":280,"column":6},"end":{"line":280,"column":50}},"35":{"start":{"line":283,"column":4},"end":{"line":285,"column":5}},"36":{"start":{"line":284,"column":6},"end":{"line":284,"column":62}},"37":{"start":{"line":287,"column":4},"end":{"line":289,"column":5}},"38":{"start":{"line":288,"column":6},"end":{"line":288,"column":49}},"39":{"start":{"line":291,"column":4},"end":{"line":293,"column":5}},"40":{"start":{"line":292,"column":6},"end":{"line":292,"column":56}},"41":{"start":{"line":295,"column":4},"end":{"line":297,"column":5}},"42":{"start":{"line":296,"column":6},"end":{"line":296,"column":57}},"43":{"start":{"line":299,"column":21},"end":{"line":305,"column":6}},"44":{"start":{"line":307,"column":4},"end":{"line":307,"column":46}},"45":{"start":{"line":315,"column":4},"end":{"line":315,"column":36}},"46":{"start":{"line":317,"column":21},"end":{"line":340,"column":6}},"47":{"start":{"line":342,"column":4},"end":{"line":344,"column":5}},"48":{"start":{"line":343,"column":6},"end":{"line":343,"column":57}},"49":{"start":{"line":346,"column":31},"end":{"line":346,"column":58}},"50":{"start":{"line":349,"column":6},"end":{"line":365,"column":12}},"51":{"start":{"line":367,"column":4},"end":{"line":371,"column":5}},"52":{"start":{"line":368,"column":6},"end":{"line":370,"column":8}},"53":{"start":{"line":373,"column":29},"end":{"line":374,"column":null}},"54":{"start":{"line":374,"column":22},"end":{"line":374,"column":41}},"55":{"start":{"line":377,"column":31},"end":{"line":377,"column":56}},"56":{"start":{"line":379,"column":33},"end":{"line":379,"column":60}},"57":{"start":{"line":381,"column":27},"end":{"line":382,"column":null}},"58":{"start":{"line":382,"column":20},"end":{"line":382,"column":53}},"59":{"start":{"line":385,"column":29},"end":{"line":386,"column":null}},"60":{"start":{"line":386,"column":20},"end":{"line":386,"column":55}},"61":{"start":{"line":389,"column":4},"end":{"line":391,"column":5}},"62":{"start":{"line":390,"column":6},"end":{"line":390,"column":70}},"63":{"start":{"line":393,"column":23},"end":{"line":395,"column":null}},"64":{"start":{"line":398,"column":29},"end":{"line":400,"column":null}},"65":{"start":{"line":403,"column":23},"end":{"line":404,"column":null}},"66":{"start":{"line":404,"column":39},"end":{"line":404,"column":58}},"67":{"start":{"line":407,"column":32},"end":{"line":408,"column":null}},"68":{"start":{"line":408,"column":22},"end":{"line":408,"column":44}},"69":{"start":{"line":411,"column":27},"end":{"line":412,"column":null}},"70":{"start":{"line":412,"column":20},"end":{"line":412,"column":62}},"71":{"start":{"line":415,"column":29},"end":{"line":416,"column":null}},"72":{"start":{"line":416,"column":20},"end":{"line":416,"column":62}},"73":{"start":{"line":419,"column":31},"end":{"line":421,"column":50}},"74":{"start":{"line":420,"column":30},"end":{"line":420,"column":76}},"75":{"start":{"line":421,"column":27},"end":{"line":421,"column":49}},"76":{"start":{"line":424,"column":6},"end":{"line":425,"column":48}},"77":{"start":{"line":427,"column":4},"end":{"line":502,"column":7}},"78":{"start":{"line":428,"column":6},"end":{"line":438,"column":7}},"79":{"start":{"line":429,"column":8},"end":{"line":437,"column":11}},"80":{"start":{"line":440,"column":6},"end":{"line":448,"column":7}},"81":{"start":{"line":441,"column":8},"end":{"line":447,"column":11}},"82":{"start":{"line":442,"column":50},"end":{"line":446,"column":12}},"83":{"start":{"line":450,"column":6},"end":{"line":460,"column":7}},"84":{"start":{"line":451,"column":8},"end":{"line":459,"column":11}},"85":{"start":{"line":462,"column":6},"end":{"line":484,"column":9}},"86":{"start":{"line":486,"column":6},"end":{"line":501,"column":7}},"87":{"start":{"line":487,"column":8},"end":{"line":500,"column":11}},"88":{"start":{"line":504,"column":28},"end":{"line":509,"column":6}},"89":{"start":{"line":511,"column":4},"end":{"line":513,"column":5}},"90":{"start":{"line":512,"column":6},"end":{"line":512,"column":57}},"91":{"start":{"line":515,"column":4},"end":{"line":515,"column":53}},"92":{"start":{"line":523,"column":4},"end":{"line":523,"column":36}},"93":{"start":{"line":525,"column":21},"end":{"line":538,"column":6}},"94":{"start":{"line":540,"column":4},"end":{"line":542,"column":5}},"95":{"start":{"line":541,"column":6},"end":{"line":541,"column":57}},"96":{"start":{"line":544,"column":22},"end":{"line":544,"column":70}},"97":{"start":{"line":546,"column":4},"end":{"line":550,"column":5}},"98":{"start":{"line":547,"column":6},"end":{"line":549,"column":8}},"99":{"start":{"line":552,"column":4},"end":{"line":554,"column":7}},"100":{"start":{"line":556,"column":23},"end":{"line":556,"column":53}},"101":{"start":{"line":558,"column":25},"end":{"line":558,"column":71}},"102":{"start":{"line":560,"column":24},"end":{"line":560,"column":61}},"103":{"start":{"line":562,"column":4},"end":{"line":564,"column":7}},"104":{"start":{"line":566,"column":4},"end":{"line":630,"column":5}},"105":{"start":{"line":567,"column":25},"end":{"line":613,"column":8}},"106":{"start":{"line":568,"column":32},"end":{"line":593,"column":10}},"107":{"start":{"line":595,"column":8},"end":{"line":610,"column":11}},"108":{"start":{"line":612,"column":8},"end":{"line":612,"column":31}},"109":{"start":{"line":615,"column":6},"end":{"line":621,"column":7}},"110":{"start":{"line":616,"column":37},"end":{"line":617,"column":null}},"111":{"start":{"line":620,"column":8},"end":{"line":620,"column":52}},"112":{"start":{"line":623,"column":6},"end":{"line":626,"column":8}},"113":{"start":{"line":628,"column":6},"end":{"line":628,"column":42}},"114":{"start":{"line":629,"column":6},"end":{"line":629,"column":18}},"115":{"start":{"line":637,"column":21},"end":{"line":650,"column":6}},"116":{"start":{"line":652,"column":4},"end":{"line":654,"column":5}},"117":{"start":{"line":653,"column":6},"end":{"line":653,"column":58}},"118":{"start":{"line":656,"column":25},"end":{"line":657,"column":null}},"119":{"start":{"line":660,"column":4},"end":{"line":670,"column":5}},"120":{"start":{"line":661,"column":6},"end":{"line":661,"column":33}},"121":{"start":{"line":663,"column":6},"end":{"line":665,"column":7}},"122":{"start":{"line":664,"column":8},"end":{"line":664,"column":65}},"123":{"start":{"line":667,"column":6},"end":{"line":669,"column":8}},"124":{"start":{"line":672,"column":4},"end":{"line":677,"column":6}},"125":{"start":{"line":684,"column":4},"end":{"line":684,"column":36}},"126":{"start":{"line":686,"column":21},"end":{"line":701,"column":6}},"127":{"start":{"line":703,"column":4},"end":{"line":705,"column":5}},"128":{"start":{"line":704,"column":6},"end":{"line":704,"column":57}},"129":{"start":{"line":707,"column":4},"end":{"line":709,"column":5}},"130":{"start":{"line":708,"column":6},"end":{"line":708,"column":58}},"131":{"start":{"line":711,"column":4},"end":{"line":729,"column":7}},"132":{"start":{"line":712,"column":6},"end":{"line":716,"column":9}},"133":{"start":{"line":718,"column":6},"end":{"line":728,"column":9}},"134":{"start":{"line":731,"column":25},"end":{"line":732,"column":null}},"135":{"start":{"line":735,"column":4},"end":{"line":735,"column":40}},"136":{"start":{"line":739,"column":4},"end":{"line":739,"column":36}},"137":{"start":{"line":741,"column":21},"end":{"line":755,"column":6}},"138":{"start":{"line":757,"column":4},"end":{"line":759,"column":5}},"139":{"start":{"line":758,"column":6},"end":{"line":758,"column":57}},"140":{"start":{"line":761,"column":4},"end":{"line":765,"column":7}},"141":{"start":{"line":767,"column":4},"end":{"line":773,"column":5}},"142":{"start":{"line":768,"column":27},"end":{"line":769,"column":null}},"143":{"start":{"line":772,"column":6},"end":{"line":772,"column":42}},"144":{"start":{"line":781,"column":4},"end":{"line":783,"column":5}},"145":{"start":{"line":782,"column":6},"end":{"line":782,"column":37}},"146":{"start":{"line":785,"column":4},"end":{"line":787,"column":5}},"147":{"start":{"line":786,"column":6},"end":{"line":786,"column":36}},"148":{"start":{"line":789,"column":4},"end":{"line":789,"column":25}},"149":{"start":{"line":793,"column":54},"end":{"line":797,"column":6}},"150":{"start":{"line":799,"column":4},"end":{"line":799,"column":52}},"151":{"start":{"line":806,"column":4},"end":{"line":808,"column":5}},"152":{"start":{"line":807,"column":6},"end":{"line":807,"column":45}},"153":{"start":{"line":810,"column":4},"end":{"line":812,"column":5}},"154":{"start":{"line":811,"column":6},"end":{"line":811,"column":44}},"155":{"start":{"line":814,"column":4},"end":{"line":814,"column":45}},"156":{"start":{"line":821,"column":49},"end":{"line":821,"column":51}},"157":{"start":{"line":823,"column":4},"end":{"line":827,"column":5}},"158":{"start":{"line":824,"column":6},"end":{"line":826,"column":9}},"159":{"start":{"line":829,"column":4},"end":{"line":833,"column":5}},"160":{"start":{"line":830,"column":6},"end":{"line":832,"column":9}},"161":{"start":{"line":835,"column":4},"end":{"line":843,"column":5}},"162":{"start":{"line":836,"column":6},"end":{"line":842,"column":9}},"163":{"start":{"line":845,"column":4},"end":{"line":853,"column":5}},"164":{"start":{"line":846,"column":6},"end":{"line":852,"column":9}},"165":{"start":{"line":855,"column":4},"end":{"line":857,"column":5}},"166":{"start":{"line":856,"column":6},"end":{"line":856,"column":16}},"167":{"start":{"line":859,"column":4},"end":{"line":861,"column":6}},"168":{"start":{"line":868,"column":4},"end":{"line":872,"column":5}},"169":{"start":{"line":869,"column":6},"end":{"line":871,"column":8}},"170":{"start":{"line":874,"column":4},"end":{"line":882,"column":6}},"171":{"start":{"line":886,"column":21},"end":{"line":893,"column":6}},"172":{"start":{"line":895,"column":4},"end":{"line":897,"column":5}},"173":{"start":{"line":896,"column":6},"end":{"line":896,"column":57}},"174":{"start":{"line":901,"column":4},"end":{"line":903,"column":5}},"175":{"start":{"line":902,"column":6},"end":{"line":902,"column":76}},"176":{"start":{"line":907,"column":4},"end":{"line":918,"column":6}},"177":{"start":{"line":923,"column":6},"end":{"line":924,"column":50}},"178":{"start":{"line":926,"column":4},"end":{"line":926,"column":56}},"179":{"start":{"line":930,"column":24},"end":{"line":930,"column":61}},"180":{"start":{"line":932,"column":25},"end":{"line":932,"column":60}},"181":{"start":{"line":934,"column":28},"end":{"line":934,"column":75}},"182":{"start":{"line":936,"column":4},"end":{"line":938,"column":5}},"183":{"start":{"line":937,"column":6},"end":{"line":937,"column":80}},"184":{"start":{"line":940,"column":4},"end":{"line":940,"column":24}},"185":{"start":{"line":944,"column":4},"end":{"line":952,"column":5}},"186":{"start":{"line":945,"column":6},"end":{"line":945,"column":33}},"187":{"start":{"line":947,"column":6},"end":{"line":949,"column":7}},"188":{"start":{"line":948,"column":8},"end":{"line":948,"column":15}},"189":{"start":{"line":951,"column":6},"end":{"line":951,"column":79}},"190":{"start":{"line":956,"column":4},"end":{"line":964,"column":5}},"191":{"start":{"line":958,"column":8},"end":{"line":961,"column":12}},"192":{"start":{"line":963,"column":6},"end":{"line":963,"column":57}},"193":{"start":{"line":966,"column":4},"end":{"line":966,"column":21}},"194":{"start":{"line":166,"column":13},"end":{"line":166,"column":29}},"195":{"start":{"line":166,"column":13},"end":{"line":968,"column":null}}},"fnMap":{"0":{"name":"(anonymous_2)","decl":{"start":{"line":167,"column":2},"end":{"line":167,"column":31}},"loc":{"start":{"line":167,"column":52},"end":{"line":167,"column":56}}},"1":{"name":"(anonymous_3)","decl":{"start":{"line":169,"column":2},"end":{"line":169,"column":7}},"loc":{"start":{"line":171,"column":34},"end":{"line":206,"column":3}}},"2":{"name":"(anonymous_4)","decl":{"start":{"line":208,"column":2},"end":{"line":208,"column":7}},"loc":{"start":{"line":208,"column":71},"end":{"line":229,"column":3}}},"3":{"name":"(anonymous_5)","decl":{"start":{"line":228,"column":25},"end":{"line":228,"column":26}},"loc":{"start":{"line":228,"column":39},"end":{"line":228,"column":73}}},"4":{"name":"(anonymous_6)","decl":{"start":{"line":231,"column":2},"end":{"line":231,"column":7}},"loc":{"start":{"line":231,"column":58},"end":{"line":244,"column":3}}},"5":{"name":"(anonymous_7)","decl":{"start":{"line":246,"column":2},"end":{"line":246,"column":7}},"loc":{"start":{"line":249,"column":34},"end":{"line":308,"column":3}}},"6":{"name":"(anonymous_8)","decl":{"start":{"line":310,"column":2},"end":{"line":310,"column":7}},"loc":{"start":{"line":313,"column":34},"end":{"line":516,"column":3}}},"7":{"name":"(anonymous_9)","decl":{"start":{"line":374,"column":6},"end":{"line":374,"column":7}},"loc":{"start":{"line":374,"column":22},"end":{"line":374,"column":41}}},"8":{"name":"(anonymous_10)","decl":{"start":{"line":382,"column":6},"end":{"line":382,"column":7}},"loc":{"start":{"line":382,"column":20},"end":{"line":382,"column":53}}},"9":{"name":"(anonymous_11)","decl":{"start":{"line":386,"column":6},"end":{"line":386,"column":7}},"loc":{"start":{"line":386,"column":20},"end":{"line":386,"column":55}}},"10":{"name":"(anonymous_12)","decl":{"start":{"line":404,"column":27},"end":{"line":404,"column":28}},"loc":{"start":{"line":404,"column":39},"end":{"line":404,"column":58}}},"11":{"name":"(anonymous_13)","decl":{"start":{"line":408,"column":6},"end":{"line":408,"column":7}},"loc":{"start":{"line":408,"column":22},"end":{"line":408,"column":44}}},"12":{"name":"(anonymous_14)","decl":{"start":{"line":412,"column":6},"end":{"line":412,"column":7}},"loc":{"start":{"line":412,"column":20},"end":{"line":412,"column":62}}},"13":{"name":"(anonymous_15)","decl":{"start":{"line":416,"column":6},"end":{"line":416,"column":7}},"loc":{"start":{"line":416,"column":20},"end":{"line":416,"column":62}}},"14":{"name":"(anonymous_16)","decl":{"start":{"line":420,"column":14},"end":{"line":420,"column":15}},"loc":{"start":{"line":420,"column":30},"end":{"line":420,"column":76}}},"15":{"name":"(anonymous_17)","decl":{"start":{"line":421,"column":11},"end":{"line":421,"column":12}},"loc":{"start":{"line":421,"column":27},"end":{"line":421,"column":49}}},"16":{"name":"(anonymous_18)","decl":{"start":{"line":427,"column":35},"end":{"line":427,"column":40}},"loc":{"start":{"line":427,"column":57},"end":{"line":502,"column":5}}},"17":{"name":"(anonymous_19)","decl":{"start":{"line":442,"column":35},"end":{"line":442,"column":36}},"loc":{"start":{"line":442,"column":50},"end":{"line":446,"column":12}}},"18":{"name":"(anonymous_20)","decl":{"start":{"line":518,"column":2},"end":{"line":518,"column":7}},"loc":{"start":{"line":521,"column":34},"end":{"line":631,"column":3}}},"19":{"name":"(anonymous_21)","decl":{"start":{"line":567,"column":56},"end":{"line":567,"column":61}},"loc":{"start":{"line":567,"column":78},"end":{"line":613,"column":7}}},"20":{"name":"(anonymous_22)","decl":{"start":{"line":633,"column":2},"end":{"line":633,"column":7}},"loc":{"start":{"line":635,"column":34},"end":{"line":678,"column":3}}},"21":{"name":"(anonymous_23)","decl":{"start":{"line":680,"column":2},"end":{"line":680,"column":7}},"loc":{"start":{"line":682,"column":34},"end":{"line":736,"column":3}}},"22":{"name":"(anonymous_24)","decl":{"start":{"line":711,"column":35},"end":{"line":711,"column":40}},"loc":{"s
[...]
,"/Users/reemj/Desktop/github/taskFlow/apps/api/src/work-items/time-extensions/dto/create-time-extension.dto.ts": {"path":"/Users/reemj/Desktop/github/taskFlow/apps/api/src/work-items/time-extensions/dto/create-time-extension.dto.ts","statementMap":{"0":{"start":{"line":1,"column":0},"end":{"line":1,"column":79}},"1":{"start":{"line":3,"column":0},"end":{"line":3,"column":13}},"2":{"start":{"line":5,"column":2},"end":{"line":5,"column":null}},"3":{"start":{"line":10,"column":2},"end":{"line":10,"column":null}}},"fnMap":{},"branchMap":{},"s":{"0":0,"1":0,"2":0,"3":0},"f":{},"b":{}}
,"/Users/reemj/Desktop/github/taskFlow/apps/api/src/work-items/time-extensions/dto/review-time-extension.dto.ts": {"path":"/Users/reemj/Desktop/github/taskFlow/apps/api/src/work-items/time-extensions/dto/review-time-extension.dto.ts","statementMap":{"0":{"start":{"line":1,"column":0},"end":{"line":1,"column":66}},"1":{"start":{"line":3,"column":0},"end":{"line":3,"column":13}},"2":{"start":{"line":7,"column":2},"end":{"line":7,"column":null}}},"fnMap":{},"branchMap":{},"s":{"0":0,"1":0,"2":0},"f":{},"b":{}}
,"/Users/reemj/Desktop/github/taskFlow/apps/api/src/work-items/time-extensions/dto/time-extension-query.dto.ts": {"path":"/Users/reemj/Desktop/github/taskFlow/apps/api/src/work-items/time-extensions/dto/time-extension-query.dto.ts","statementMap":{"0":{"start":{"line":1,"column":0},"end":{"line":1,"column":53}},"1":{"start":{"line":2,"column":0},"end":{"line":2,"column":71}},"2":{"start":{"line":4,"column":0},"end":{"line":4,"column":13}},"3":{"start":{"line":7,"column":2},"end":{"line":7,"column":null}}},"fnMap":{},"branchMap":{"0":{"loc":{"start":{"line":7,"column":11},"end":{"line":7,"column":31}},"type":"cond-expr","locations":[{"start":{"line":7,"column":30},"end":{"line":7,"column":31}},{"start":{"line":7,"column":30},"end":{"line":7,"column":31}}]},"1":{"loc":{"start":{"line":7,"column":11},"end":{"line":7,"column":30}},"type":"binary-expr","locations":[{"start":{"line":7,"column":11},"end":{"line":7,"column":31}},{"start":{"line":7,"column":11},"end":{"line":7,"column":30}}]}},"s":{"0":0,"1":0,"2":0,"3":0},"f":{},"b":{"0":[0,0],"1":[0,0]}}
,"/Users/reemj/Desktop/github/taskFlow/apps/api/src/work-items/workflow/workflow.controller.ts": {"path":"/Users/reemj/Desktop/github/taskFlow/apps/api/src/work-items/workflow/workflow.controller.ts","statementMap":{"0":{"start":{"line":1,"column":0},"end":{"line":1,"column":null}},"1":{"start":{"line":10,"column":0},"end":{"line":10,"column":75}},"2":{"start":{"line":11,"column":0},"end":{"line":11,"column":62}},"3":{"start":{"line":13,"column":0},"end":{"line":13,"column":53}},"4":{"start":{"line":14,"column":0},"end":{"line":14,"column":58}},"5":{"start":{"line":15,"column":0},"end":{"line":15,"column":53}},"6":{"start":{"line":16,"column":0},"end":{"line":16,"column":50}},"7":{"start":{"line":19,"column":7},"end":{"line":111,"column":null}},"8":{"start":{"line":20,"column":31},"end":{"line":20,"column":48}},"9":{"start":{"line":29,"column":4},"end":{"line":33,"column":6}},"10":{"start":{"line":43,"column":4},"end":{"line":47,"column":6}},"11":{"start":{"line":57,"column":4},"end":{"line":61,"column":6}},"12":{"start":{"line":72,"column":4},"end":{"line":77,"column":6}},"13":{"start":{"line":88,"column":4},"end":{"line":93,"column":6}},"14":{"start":{"line":104,"column":4},"end":{"line":109,"column":6}},"15":{"start":{"line":19,"column":13},"end":{"line":19,"column":31}},"16":{"start":{"line":25,"column":2},"end":{"line":34,"column":null}},"17":{"start":{"line":39,"column":2},"end":{"line":48,"column":null}},"18":{"start":{"line":53,"column":2},"end":{"line":62,"column":null}},"19":{"start":{"line":67,"column":2},"end":{"line":78,"column":null}},"20":{"start":{"line":83,"column":2},"end":{"line":94,"column":null}},"21":{"start":{"line":99,"column":2},"end":{"line":110,"column":null}},"22":{"start":{"line":19,"column":13},"end":{"line":111,"column":null}}},"fnMap":{"0":{"name":"(anonymous_4)","decl":{"start":{"line":20,"column":2},"end":{"line":20,"column":31}},"loc":{"start":{"line":20,"column":63},"end":{"line":20,"column":67}}},"1":{"name":"(anonymous_5)","decl":{"start":{"line":25,"column":2},"end":{"line":25,"column":11}},"loc":{"start":{"line":27,"column":49},"end":{"line":34,"column":3}}},"2":{"name":"(anonymous_6)","decl":{"start":{"line":39,"column":2},"end":{"line":39,"column":17}},"loc":{"start":{"line":41,"column":49},"end":{"line":48,"column":3}}},"3":{"name":"(anonymous_7)","decl":{"start":{"line":53,"column":2},"end":{"line":53,"column":8}},"loc":{"start":{"line":55,"column":49},"end":{"line":62,"column":3}}},"4":{"name":"(anonymous_8)","decl":{"start":{"line":67,"column":2},"end":{"line":67,"column":10}},"loc":{"start":{"line":70,"column":49},"end":{"line":78,"column":3}}},"5":{"name":"(anonymous_9)","decl":{"start":{"line":83,"column":2},"end":{"line":83,"column":8}},"loc":{"start":{"line":86,"column":49},"end":{"line":94,"column":3}}},"6":{"name":"(anonymous_10)","decl":{"start":{"line":99,"column":2},"end":{"line":99,"column":8}},"loc":{"start":{"line":102,"column":49},"end":{"line":110,"column":3}}}},"branchMap":{"0":{"loc":{"start":{"line":69,"column":29},"end":{"line":69,"column":null}},"type":"cond-expr","locations":[{"start":{"line":69,"column":44},"end":{"line":69,"column":null}},{"start":{"line":69,"column":44},"end":{"line":69,"column":null}}]},"1":{"loc":{"start":{"line":69,"column":29},"end":{"line":69,"column":44}},"type":"binary-expr","locations":[{"start":{"line":69,"column":29},"end":{"line":69,"column":null}},{"start":{"line":69,"column":29},"end":{"line":69,"column":44}}]},"2":{"loc":{"start":{"line":85,"column":29},"end":{"line":85,"column":null}},"type":"cond-expr","locations":[{"start":{"line":85,"column":44},"end":{"line":85,"column":null}},{"start":{"line":85,"column":44},"end":{"line":85,"column":null}}]},"3":{"loc":{"start":{"line":85,"column":29},"end":{"line":85,"column":44}},"type":"binary-expr","locations":[{"start":{"line":85,"column":29},"end":{"line":85,"column":null}},{"start":{"line":85,"column":29},"end":{"line":85,"column":44}}]},"4":{"loc":{"start":{"line":101,"column":29},"end":{"line":101,"column":null}},"type":"cond-expr","locations":[{"start":{"line":101,"column":44},"end":{"line":101,"column":null}},{"start":{"line":101,"column":44},"end":{"line":101,"column":null}}]},"5":{"loc":{"start":{"line":101,"column":29},"end":{"line":101,"column":44}},"type":"binary-expr","locations":[{"start":{"line":101,"column":29},"end":{"line":101,"column":null}},{"start":{"line":101,"column":29},"end":{"line":101,"column":44}}]},"6":{"loc":{"start":{"line":20,"column":48},"end":{"line":20,"column":66}},"type":"cond-expr","locations":[{"start":{"line":20,"column":63},"end":{"line":20,"column":66}},{"start":{"line":20,"column":63},"end":{"line":20,"column":66}}]},"7":{"loc":{"start":{"line":20,"column":48},"end":{"line":20,"column":63}},"type":"binary-expr","locations":[{"start":{"line":20,"column":48},"end":{"line":20,"column":66}},{"start":{"line":20,"column":48},"end":{"line":20,"column":63}}]}},"s":{"0":0,"1":0,"2":0,"3":0,"4":0,"5":0,"6":0,"7":0,"8":0,"9":0,"10":0,"11":0,"12":0,"13":0,"14":0,"15":0,"16":0,"17":0,"18":0,"19":0,"20":0,"21":0,"22":0},"f":{"0":0,"1":0,"2":0,"3":0,"4":0,"5":0,"6":0},"b":{"0":[0,0],"1":[0,0],"2":[0,0],"3":[0,0],"4":[0,0],"5":[0,0],"6":[0,0],"7":[0,0]}}
,"/Users/reemj/Desktop/github/taskFlow/apps/api/src/work-items/workflow/workflow.rules.ts": {"path":"/Users/reemj/Desktop/github/taskFlow/apps/api/src/work-items/workflow/workflow.rules.ts","statementMap":{"0":{"start":{"line":1,"column":0},"end":{"line":1,"column":null}},"1":{"start":{"line":6,"column":0},"end":{"line":6,"column":50}},"2":{"start":{"line":21,"column":13},"end":{"line":77,"column":2}},"3":{"start":{"line":28,"column":25},"end":{"line":28,"column":51}},"4":{"start":{"line":37,"column":25},"end":{"line":37,"column":49}},"5":{"start":{"line":45,"column":25},"end":{"line":45,"column":44}},"6":{"start":{"line":53,"column":25},"end":{"line":53,"column":51}},"7":{"start":{"line":66,"column":25},"end":{"line":66,"column":49}},"8":{"start":{"line":75,"column":6},"end":{"line":75,"column":69}}},"fnMap":{"0":{"name":"(anonymous_0)","decl":{"start":{"line":28,"column":19},"end":{"line":28,"column":22}},"loc":{"start":{"line":28,"column":25},"end":{"line":28,"column":51}}},"1":{"name":"(anonymous_1)","decl":{"start":{"line":37,"column":19},"end":{"line":37,"column":22}},"loc":{"start":{"line":37,"column":25},"end":{"line":37,"column":49}}},"2":{"name":"(anonymous_2)","decl":{"start":{"line":45,"column":19},"end":{"line":45,"column":22}},"loc":{"start":{"line":45,"column":25},"end":{"line":45,"column":44}}},"3":{"name":"(anonymous_3)","decl":{"start":{"line":53,"column":19},"end":{"line":53,"column":22}},"loc":{"start":{"line":53,"column":25},"end":{"line":53,"column":51}}},"4":{"name":"(anonymous_4)","decl":{"start":{"line":66,"column":19},"end":{"line":66,"column":22}},"loc":{"start":{"line":66,"column":25},"end":{"line":66,"column":49}}},"5":{"name":"(anonymous_5)","decl":{"start":{"line":74,"column":19},"end":{"line":74,"column":20}},"loc":{"start":{"line":75,"column":6},"end":{"line":75,"column":69}}}},"branchMap":{"0":{"loc":{"start":{"line":75,"column":6},"end":{"line":75,"column":69}},"type":"cond-expr","locations":[{"start":{"line":75,"column":21},"end":{"line":75,"column":44}},{"start":{"line":75,"column":47},"end":{"line":75,"column":69}}]}},"s":{"0":1,"1":1,"2":1,"3":2,"4":0,"5":1,"6":0,"7":0,"8":0},"f":{"0":2,"1":0,"2":1,"3":0,"4":0,"5":0},"b":{"0":[0,0]}}
,"/Users/reemj/Desktop/github/taskFlow/apps/api/src/work-items/workflow/workflow.service.ts": {"path":"/Users/reemj/Desktop/github/taskFlow/apps/api/src/work-items/workflow/workflow.service.ts","statementMap":{"0":{"start":{"line":1,"column":0},"end":{"line":1,"column":null}},"1":{"start":{"line":7,"column":0},"end":{"line":7,"column":77}},"2":{"start":{"line":8,"column":0},"end":{"line":8,"column":60}},"3":{"start":{"line":10,"column":0},"end":{"line":10,"column":57}},"4":{"start":{"line":11,"column":0},"end":{"line":11,"column":64}},"5":{"start":{"line":12,"column":0},"end":{"line":12,"column":50}},"6":{"start":{"line":14,"column":54},"end":{"line":21,"column":2}},"7":{"start":{"line":24,"column":7},"end":{"line":170,"column":null}},"8":{"start":{"line":26,"column":21},"end":{"line":26,"column":29}},"9":{"start":{"line":27,"column":21},"end":{"line":27,"column":39}},"10":{"start":{"line":36,"column":4},"end":{"line":106,"column":7}},"11":{"start":{"line":37,"column":23},"end":{"line":52,"column":8}},"12":{"start":{"line":54,"column":6},"end":{"line":56,"column":7}},"13":{"start":{"line":55,"column":8},"end":{"line":55,"column":59}},"14":{"start":{"line":58,"column":19},"end":{"line":58,"column":41}},"15":{"start":{"line":60,"column":6},"end":{"line":60,"column":48}},"16":{"start":{"line":62,"column":6},"end":{"line":62,"column":66}},"17":{"start":{"line":64,"column":6},"end":{"line":66,"column":7}},"18":{"start":{"line":65,"column":8},"end":{"line":65,"column":69}},"19":{"start":{"line":68,"column":25},"end":{"line":70,"column":8}},"20":{"start":{"line":78,"column":27},"end":{"line":87,"column":8}},"21":{"start":{"line":89,"column":6},"end":{"line":93,"column":7}},"22":{"start":{"line":90,"column":8},"end":{"line":92,"column":10}},"23":{"start":{"line":95,"column":6},"end":{"line":105,"column":9}},"24":{"start":{"line":108,"column":4},"end":{"line":108,"column":66}},"25":{"start":{"line":115,"column":4},"end":{"line":119,"column":5}},"26":{"start":{"line":116,"column":6},"end":{"line":118,"column":8}},"27":{"start":{"line":127,"column":4},"end":{"line":133,"column":5}},"28":{"start":{"line":128,"column":26},"end":{"line":128,"column":47}},"29":{"start":{"line":130,"column":6},"end":{"line":132,"column":8}},"30":{"start":{"line":142,"column":4},"end":{"line":144,"column":5}},"31":{"start":{"line":143,"column":6},"end":{"line":143,"column":76}},"32":{"start":{"line":146,"column":23},"end":{"line":147,"column":null}},"33":{"start":{"line":147,"column":22},"end":{"line":147,"column":60}},"34":{"start":{"line":150,"column":4},"end":{"line":154,"column":5}},"35":{"start":{"line":151,"column":6},"end":{"line":153,"column":8}},"36":{"start":{"line":161,"column":4},"end":{"line":168,"column":6}},"37":{"start":{"line":24,"column":13},"end":{"line":24,"column":28}},"38":{"start":{"line":24,"column":13},"end":{"line":170,"column":null}}},"fnMap":{"0":{"name":"(anonymous_2)","decl":{"start":{"line":25,"column":2},"end":{"line":25,"column":null}},"loc":{"start":{"line":27,"column":55},"end":{"line":28,"column":6}}},"1":{"name":"(anonymous_3)","decl":{"start":{"line":30,"column":2},"end":{"line":30,"column":7}},"loc":{"start":{"line":34,"column":17},"end":{"line":109,"column":3}}},"2":{"name":"(anonymous_4)","decl":{"start":{"line":36,"column":35},"end":{"line":36,"column":40}},"loc":{"start":{"line":36,"column":57},"end":{"line":106,"column":5}}},"3":{"name":"(anonymous_5)","decl":{"start":{"line":111,"column":10},"end":{"line":111,"column":27}},"loc":{"start":{"line":113,"column":34},"end":{"line":120,"column":3}}},"4":{"name":"(anonymous_6)","decl":{"start":{"line":122,"column":10},"end":{"line":122,"column":33}},"loc":{"start":{"line":125,"column":33},"end":{"line":134,"column":3}}},"5":{"name":"(anonymous_7)","decl":{"start":{"line":136,"column":10},"end":{"line":136,"column":30}},"loc":{"start":{"line":140,"column":6},"end":{"line":155,"column":3}}},"6":{"name":"(anonymous_8)","decl":{"start":{"line":147,"column":6},"end":{"line":147,"column":7}},"loc":{"start":{"line":147,"column":22},"end":{"line":147,"column":60}}},"7":{"name":"(anonymous_9)","decl":{"start":{"line":157,"column":10},"end":{"line":157,"column":30}},"loc":{"start":{"line":159,"column":17},"end":{"line":169,"column":3}}}},"branchMap":{"0":{"loc":{"start":{"line":54,"column":6},"end":{"line":56,"column":7}},"type":"if","locations":[{"start":{"line":54,"column":6},"end":{"line":56,"column":7}},{"start":{},"end":{}}]},"1":{"loc":{"start":{"line":64,"column":6},"end":{"line":66,"column":7}},"type":"if","locations":[{"start":{"line":64,"column":6},"end":{"line":66,"column":7}},{"start":{},"end":{}}]},"2":{"loc":{"start":{"line":89,"column":6},"end":{"line":93,"column":7}},"type":"if","locations":[{"start":{"line":89,"column":6},"end":{"line":93,"column":7}},{"start":{},"end":{}}]},"3":{"loc":{"start":{"line":115,"column":4},"end":{"line":119,"column":5}},"type":"if","locations":[{"start":{"line":115,"column":4},"end":{"line":119,"column":5}},{"start":{},"end":{}}]},"4":{"loc":{"start":{"line":127,"column":4},"end":{"line":133,"column":5}},"type":"if","locations":[{"start":{"line":127,"column":4},"end":{"line":133,"column":5}},{"start":{},"end":{}}]},"5":{"loc":{"start":{"line":142,"column":4},"end":{"line":144,"column":5}},"type":"if","locations":[{"start":{"line":142,"column":4},"end":{"line":144,"column":5}},{"start":{},"end":{}}]},"6":{"loc":{"start":{"line":150,"column":4},"end":{"line":154,"column":5}},"type":"if","locations":[{"start":{"line":150,"column":4},"end":{"line":154,"column":5}},{"start":{},"end":{}}]},"7":{"loc":{"start":{"line":163,"column":10},"end":{"line":167,"column":12}},"type":"cond-expr","locations":[{"start":{"line":164,"column":10},"end":{"line":166,"column":null}},{"start":{"line":167,"column":10},"end":{"line":167,"column":12}}]},"8":{"loc":{"start":{"line":26,"column":29},"end":{"line":26,"column":null}},"type":"cond-expr","locations":[{"start":{"line":26,"column":42},"end":{"line":26,"column":null}},{"start":{"line":26,"column":42},"end":{"line":26,"column":null}}]},"9":{"loc":{"start":{"line":26,"column":29},"end":{"line":26,"column":42}},"type":"binary-expr","locations":[{"start":{"line":26,"column":29},"end":{"line":26,"column":null}},{"start":{"line":26,"column":29},"end":{"line":26,"column":42}}]},"10":{"loc":{"start":{"line":26,"column":42},"end":{"line":27,"column":null}},"type":"cond-expr","locations":[{"start":{"line":27,"column":55},"end":{"line":27,"column":null}},{"start":{"line":27,"column":55},"end":{"line":27,"column":null}}]},"11":{"loc":{"start":{"line":26,"column":42},"end":{"line":27,"column":55}},"type":"binary-expr","locations":[{"start":{"line":26,"column":42},"end":{"line":27,"column":null}},{"start":{"line":27,"column":39},"end":{"line":27,"column":55}}]}},"s":{"0":1,"1":1,"2":1,"3":1,"4":1,"5":1,"6":1,"7":1,"8":6,"9":6,"10":6,"11":6,"12":6,"13":0,"14":6,"15":6,"16":5,"17":4,"18":3,"19":3,"20":3,"21":3,"22":1,"23":2,"24":2,"25":6,"26":1,"27":5,"28":1,"29":1,"30":3,"31":0,"32":3,"33":3,"34":3,"35":1,"36":2,"37":1,"38":1},"f":{"0":6,"1":6,"2":6,"3":6,"4":5,"5":3,"6":3,"7":2},"b":{"0":[0,6],"1":[3,1],"2":[1,2],"3":[1,5],"4":[1,4],"5":[0,3],"6":[1,2],"7":[0,2],"8":[1,0],"9":[1,1],"10":[1,0],"11":[1,1]}}
,"/Users/reemj/Desktop/github/taskFlow/apps/api/src/work-items/workflow/workflow.types.ts": {"path":"/Users/reemj/Desktop/github/taskFlow/apps/api/src/work-items/workflow/workflow.types.ts","statementMap":{"0":{"start":{"line":1,"column":0},"end":{"line":1,"column":null}},"1":{"start":{"line":2,"column":2},"end":{"line":2,"column":null}},"2":{"start":{"line":3,"column":2},"end":{"line":3,"column":null}},"3":{"start":{"line":4,"column":2},"end":{"line":4,"column":null}},"4":{"start":{"line":5,"column":2},"end":{"line":5,"column":null}},"5":{"start":{"line":6,"column":2},"end":{"line":6,"column":null}},"6":{"start":{"line":7,"column":2},"end":{"line":7,"column":null}}},"fnMap":{"0":{"name":"(anonymous_0)","decl":{"start":{"line":1,"column":0},"end":{"line":1,"column":12}},"loc":{"start":{"line":1,"column":26},"end":{"line":8,"column":1}}}},"branchMap":{"0":{"loc":{"start":{"line":1,"column":12},"end":{"line":1,"column":null}},"type":"binary-expr","locations":[{"start":{"line":1,"column":12},"end":{"line":1,"column":26}},{"start":{"line":1,"column":26},"end":{"line":1,"column":null}}]}},"s":{"0":1,"1":1,"2":1,"3":1,"4":1,"5":1,"6":1},"f":{"0":1},"b":{"0":[1,1]}}
,"/Users/reemj/Desktop/github/taskFlow/apps/api/src/work-items/workflow/dto/workflow-note.dto.ts": {"path":"/Users/reemj/Desktop/github/taskFlow/apps/api/src/work-items/workflow/dto/workflow-note.dto.ts","statementMap":{"0":{"start":{"line":1,"column":0},"end":{"line":1,"column":66}},"1":{"start":{"line":3,"column":0},"end":{"line":3,"column":13}},"2":{"start":{"line":7,"column":2},"end":{"line":7,"column":null}}},"fnMap":{},"branchMap":{},"s":{"0":0,"1":0,"2":0},"f":{},"b":{}}
}
