TN:
SF:src/app.config.ts
FN:9,formatValidationErrors
FN:10,(anonymous_1)
FN:16,configureApp
FN:29,(anonymous_3)
FNF:4
FNH:0
FNDA:0,formatValidationErrors
FNDA:0,(anonymous_1)
FNDA:0,configureApp
FNDA:0,(anonymous_3)
DA:1,0
DA:7,0
DA:10,0
DA:16,0
DA:17,0
DA:19,0
DA:23,0
DA:30,0
DA:37,0
LF:9
LH:0
BRDA:12,0,0,0
BRDA:12,0,1,0
BRDA:20,1,0,0
BRDA:20,1,1,0
BRF:4
BRH:0
end_of_record
TN:
SF:src/app.controller.ts
FN:13,(anonymous_2)
FN:18,(anonymous_3)
FNF:2
FNH:2
FNDA:1,(anonymous_2)
FNDA:1,(anonymous_3)
DA:1,1
DA:2,1
DA:3,1
DA:12,1
DA:13,1
DA:18,1
DA:19,1
LF:7
LH:7
BRDA:18,0,0,1
BRDA:18,0,1,0
BRDA:18,1,0,1
BRDA:18,1,1,1
BRDA:13,2,0,1
BRDA:13,2,1,0
BRDA:13,3,0,1
BRDA:13,3,1,1
BRF:8
BRH:6
end_of_record
TN:
SF:src/app.module.ts
FNF:0
FNH:0
DA:1,0
DA:2,0
DA:3,0
DA:4,0
DA:5,0
DA:6,0
DA:7,0
DA:8,0
DA:9,0
DA:10,0
DA:11,0
DA:36,0
LF:12
LH:0
BRF:0
BRH:0
end_of_record
TN:
SF:src/app.service.ts
FN:12,(anonymous_2)
FN:14,(anonymous_3)
FNF:2
FNH:0
FNDA:0,(anonymous_2)
FNDA:0,(anonymous_3)
DA:1,1
DA:2,1
DA:11,1
DA:12,0
DA:15,0
DA:17,0
LF:6
LH:3
BRDA:12,0,0,1
BRDA:12,0,1,0
BRDA:12,1,0,1
BRDA:12,1,1,1
BRF:4
BRH:3
end_of_record
TN:
SF:src/main.ts
FN:5,bootstrap
FNF:1
FNH:0
FNDA:0,bootstrap
DA:1,0
DA:2,0
DA:3,0
DA:6,0
DA:8,0
DA:10,0
DA:12,0
DA:14,0
DA:17,0
LF:9
LH:0
BRDA:10,0,0,0
BRDA:10,0,1,0
BRF:2
BRH:0
end_of_record
TN:
SF:src/auth/auth.controller.ts
FN:21,(anonymous_4)
FN:25,(anonymous_5)
FN:32,(anonymous_6)
FN:37,(anonymous_7)
FNF:4
FNH:0
FNDA:0,(anonymous_4)
FNDA:0,(anonymous_5)
FNDA:0,(anonymous_6)
FNDA:0,(anonymous_7)
DA:1,0
DA:9,0
DA:10,0
DA:11,0
DA:12,0
DA:13,0
DA:20,0
DA:21,0
DA:25,0
DA:26,0
DA:32,0
DA:33,0
DA:37,0
DA:38,0
LF:14
LH:0
BRDA:25,0,0,0
BRDA:25,0,1,0
BRDA:25,1,0,0
BRDA:25,1,1,0
BRDA:25,2,0,0
BRDA:25,2,1,0
BRDA:25,3,0,0
BRDA:25,3,1,0
BRDA:32,4,0,0
BRDA:32,4,1,0
BRDA:32,5,0,0
BRDA:32,5,1,0
BRDA:32,6,0,0
BRDA:32,6,1,0
BRDA:32,7,0,0
BRDA:32,7,1,0
BRDA:21,8,0,0
BRDA:21,8,1,0
BRDA:21,9,0,0
BRDA:21,9,1,0
BRF:20
BRH:0
end_of_record
TN:
SF:src/auth/auth.module.ts
FN:11,(anonymous_1)
FNF:1
FNH:0
FNDA:0,(anonymous_1)
DA:1,0
DA:2,0
DA:3,0
DA:4,0
DA:5,0
DA:11,0
DA:23,0
LF:7
LH:0
BRF:0
BRH:0
end_of_record
TN:
SF:src/auth/auth.service.ts
FN:23,(anonymous_2)
FN:28,(anonymous_3)
FN:60,(anonymous_4)
FN:87,(anonymous_5)
FNF:4
FNH:0
FNDA:0,(anonymous_2)
FNDA:0,(anonymous_3)
FNDA:0,(anonymous_4)
FNDA:0,(anonymous_5)
DA:1,0
DA:6,0
DA:7,0
DA:8,0
DA:9,0
DA:14,0
DA:22,0
DA:24,0
DA:25,0
DA:29,0
DA:30,0
DA:32,0
DA:41,0
DA:42,0
DA:45,0
DA:47,0
DA:57,0
DA:61,0
DA:63,0
DA:69,0
DA:70,0
DA:73,0
DA:75,0
DA:76,0
DA:79,0
DA:90,0
DA:94,0
LF:27
LH:0
BRDA:41,0,0,0
BRDA:41,0,1,0
BRDA:69,1,0,0
BRDA:69,1,1,0
BRDA:75,2,0,0
BRDA:75,2,1,0
BRDA:24,3,0,0
BRDA:24,3,1,0
BRDA:24,4,0,0
BRDA:24,4,1,0
BRDA:24,5,0,0
BRDA:24,5,1,0
BRDA:24,6,0,0
BRDA:24,6,1,0
BRF:14
BRH:0
end_of_record
TN:
SF:src/auth/decorators/current-user.decorator.ts
FN:6,(anonymous_0)
FNF:1
FNH:0
FNDA:0,(anonymous_0)
DA:1,0
DA:5,0
DA:7,0
DA:11,0
LF:4
LH:0
BRF:0
BRH:0
end_of_record
TN:
SF:src/auth/decorators/public.decorator.ts
FN:5,(anonymous_0)
FNF:1
FNH:1
FNDA:1,(anonymous_0)
DA:1,1
DA:3,1
DA:5,1
DA:6,1
LF:4
LH:4
BRF:0
BRH:0
end_of_record
TN:
SF:src/auth/decorators/roles.decorator.ts
FN:6,(anonymous_0)
FNF:1
FNH:0
FNDA:0,(anonymous_0)
DA:1,0
DA:4,0
DA:6,0
DA:7,0
LF:4
LH:0
BRF:0
BRH:0
end_of_record
TN:
SF:src/auth/dto/login.dto.ts
FNF:0
FNH:0
DA:1,0
DA:3,0
DA:6,0
DA:11,0
LF:4
LH:0
BRF:0
BRH:0
end_of_record
TN:
SF:src/auth/dto/register.dto.ts
FNF:0
FNH:0
DA:1,0
DA:9,0
DA:13,0
DA:17,0
DA:26,0
LF:5
LH:0
BRF:0
BRH:0
end_of_record
TN:
SF:src/auth/guards/jwt-auth.guard.ts
FN:20,(anonymous_2)
FN:26,(anonymous_3)
FN:79,(anonymous_4)
FNF:3
FNH:0
FNDA:0,(anonymous_2)
FNDA:0,(anonymous_3)
FNDA:0,(anonymous_4)
DA:1,0
DA:7,0
DA:8,0
DA:10,0
DA:12,0
DA:19,0
DA:21,0
DA:22,0
DA:23,0
DA:27,0
DA:32,0
DA:33,0
DA:36,0
DA:38,0
DA:40,0
DA:41,0
DA:46,0
DA:47,0
DA:49,0
DA:52,0
DA:53,0
DA:56,0
DA:68,0
DA:69,0
DA:74,0
DA:76,0
DA:80,0
DA:82,0
DA:83,0
DA:86,0
DA:88,0
DA:89,0
DA:92,0
LF:33
LH:0
BRDA:32,0,0,0
BRDA:32,0,1,0
BRDA:40,1,0,0
BRDA:40,1,1,0
BRDA:52,2,0,0
BRDA:52,2,1,0
BRDA:68,3,0,0
BRDA:68,3,1,0
BRDA:82,4,0,0
BRDA:82,4,1,0
BRDA:88,5,0,0
BRDA:88,5,1,0
BRDA:88,6,0,0
BRDA:88,6,1,0
BRDA:21,7,0,0
BRDA:21,7,1,0
BRDA:21,8,0,0
BRDA:21,8,1,0
BRDA:21,9,0,0
BRDA:21,9,1,0
BRDA:21,10,0,0
BRDA:21,10,1,0
BRDA:22,11,0,0
BRDA:22,11,1,0
BRDA:22,12,0,0
BRDA:22,12,1,0
BRF:26
BRH:0
end_of_record
TN:
SF:src/auth/guards/roles.guard.ts
FN:15,(anonymous_2)
FN:17,(anonymous_3)
FNF:2
FNH:0
FNDA:0,(anonymous_2)
FNDA:0,(anonymous_3)
DA:1,0
DA:8,0
DA:10,0
DA:14,0
DA:15,0
DA:18,0
DA:23,0
DA:24,0
DA:27,0
DA:31,0
DA:32,0
DA:35,0
DA:36,0
DA:41,0
LF:14
LH:0
BRDA:23,0,0,0
BRDA:23,0,1,0
BRDA:23,1,0,0
BRDA:23,1,1,0
BRDA:31,2,0,0
BRDA:31,2,1,0
BRDA:35,3,0,0
BRDA:35,3,1,0
BRDA:15,4,0,0
BRDA:15,4,1,0
BRDA:15,5,0,0
BRDA:15,5,1,0
BRF:12
BRH:0
end_of_record
TN:
SF:src/common/filters/http-exception.filter.ts
FN:28,(anonymous_1)
FNF:1
FNH:0
FNDA:0,(anonymous_1)
DA:1,0
DA:16,0
DA:27,0
DA:29,0
DA:31,0
DA:32,0
DA:35,0
DA:39,0
DA:40,0
DA:43,0
DA:44,0
DA:46,0
DA:47,0
DA:49,0
DA:51,0
DA:52,0
DA:53,0
DA:56,0
DA:57,0
DA:60,0
DA:61,0
DA:64,0
DA:65,0
DA:69,0
DA:72,0
LF:25
LH:0
BRDA:35,0,0,0
BRDA:35,0,1,0
BRDA:40,1,0,0
BRDA:40,1,1,0
BRDA:43,2,0,0
BRDA:43,2,1,0
BRDA:46,3,0,0
BRDA:46,3,1,0
BRDA:51,4,0,0
BRDA:51,4,1,0
BRDA:56,5,0,0
BRDA:56,5,1,0
BRDA:60,6,0,0
BRDA:60,6,1,0
BRDA:64,7,0,0
BRDA:64,7,1,0
BRDA:76,8,0,0
BRDA:76,8,1,0
BRF:18
BRH:0
end_of_record
TN:
SF:src/generated/prisma/browser.ts
FNF:0
FNH:0
DA:16,0
DA:17,0
DA:18,0
DA:19,0
LF:4
LH:0
BRF:0
BRH:0
end_of_record
TN:
SF:src/generated/prisma/client.ts
FNF:0
FNH:0
DA:18,3
DA:19,3
DA:21,3
DA:22,3
DA:38,3
DA:40,3
LF:6
LH:6
BRF:0
BRH:0
end_of_record
TN:
SF:src/generated/prisma/enums.ts
FNF:0
FNH:0
DA:12,3
DA:20,3
DA:32,3
DA:42,3
DA:51,3
LF:5
LH:5
BRF:0
BRH:0
end_of_record
TN:
SF:src/generated/prisma/internal/class.ts
FN:41,decodeBase64AsWasm
FN:48,(anonymous_10)
FN:50,(anonymous_11)
FN:252,getPrismaClientClass
FNF:4
FNH:1
FNDA:0,decodeBase64AsWasm
FNDA:0,(anonymous_10)
FNDA:0,(anonymous_11)
FNDA:3,getPrismaClientClass
DA:14,3
DA:18,3
DA:35,3
DA:36,3
DA:42,0
DA:43,0
DA:44,0
DA:47,3
DA:48,0
DA:51,0
DA:52,0
DA:252,3
DA:253,3
LF:13
LH:7
BRF:0
BRH:0
end_of_record
TN:
SF:src/generated/prisma/internal/prismaNamespace.ts
FNF:0
FNH:0
DA:18,3
DA:32,3
DA:35,3
DA:38,3
DA:41,3
DA:44,3
DA:50,3
DA:51,3
DA:52,3
DA:53,3
DA:54,3
DA:62,3
DA:71,3
DA:86,3
DA:104,3
DA:114,3
DA:121,3
DA:128,3
DA:386,3
DA:885,3
DA:895,3
DA:908,3
DA:924,3
DA:934,3
DA:948,3
DA:966,3
DA:982,3
DA:990,3
DA:998,3
DA:1006,3
DA:1015,3
DA:1175,3
LF:32
LH:32
BRF:0
BRH:0
end_of_record
TN:
SF:src/generated/prisma/internal/prismaNamespaceBrowser.ts
FNF:0
FNH:0
DA:18,0
DA:23,0
DA:26,0
DA:36,0
DA:43,0
DA:50,0
DA:53,0
DA:68,0
DA:78,0
DA:91,0
DA:107,0
DA:117,0
DA:131,0
DA:149,0
DA:165,0
DA:173,0
DA:181,0
DA:189,0
DA:198,0
LF:19
LH:0
BRF:0
BRH:0
end_of_record
TN:
SF:src/prisma/prisma.module.ts
FNF:0
FNH:0
DA:1,0
DA:2,0
DA:9,0
LF:3
LH:0
BRF:0
BRH:0
end_of_record
TN:
SF:src/prisma/prisma.service.ts
FN:10,(anonymous_2)
FN:24,(anonymous_3)
FN:28,(anonymous_4)
FNF:3
FNH:0
FNDA:0,(anonymous_2)
FNDA:0,(anonymous_3)
FNDA:0,(anonymous_4)
DA:1,3
DA:2,3
DA:3,3
DA:6,3
DA:11,0
DA:13,0
DA:14,0
DA:17,0
DA:21,0
DA:25,0
DA:29,0
LF:11
LH:4
BRDA:13,0,0,0
BRDA:13,0,1,0
BRF:2
BRH:0
end_of_record
TN:
SF:src/users/users.controller.ts
FN:8,(anonymous_2)
FN:12,(anonymous_3)
FNF:2
FNH:0
FNDA:0,(anonymous_2)
FNDA:0,(anonymous_3)
DA:1,0
DA:2,0
DA:3,0
DA:4,0
DA:7,0
DA:8,0
DA:12,0
DA:13,0
LF:8
LH:0
BRDA:8,0,0,0
BRDA:8,0,1,0
BRDA:8,1,0,0
BRDA:8,1,1,0
BRF:4
BRH:0
end_of_record
TN:
SF:src/users/users.module.ts
FNF:0
FNH:0
DA:1,0
DA:2,0
DA:3,0
DA:10,0
LF:4
LH:0
BRF:0
BRH:0
end_of_record
TN:
SF:src/users/users.service.ts
FN:7,(anonymous_2)
FN:9,(anonymous_3)
FNF:2
FNH:0
FNDA:0,(anonymous_2)
FNDA:0,(anonymous_3)
DA:1,0
DA:2,0
DA:3,0
DA:6,0
DA:7,0
DA:10,0
LF:6
LH:0
BRDA:7,0,0,0
BRDA:7,0,1,0
BRDA:7,1,0,0
BRDA:7,1,1,0
BRF:4
BRH:0
end_of_record
TN:
SF:src/work-items/attachments.constants.ts
FNF:0
FNH:0
DA:1,2
DA:3,2
DA:5,2
DA:7,2
DA:13,2
LF:5
LH:5
BRF:0
BRH:0
end_of_record
TN:
SF:src/work-items/work-items.controller.ts
FN:36,sanitizeDownloadFilename
FN:42,(anonymous_5)
FN:46,(anonymous_6)
FN:54,(anonymous_7)
FN:74,(anonymous_8)
FN:96,(anonymous_9)
FN:117,(anonymous_10)
FN:126,(anonymous_11)
FN:139,(anonymous_12)
FN:148,(anonymous_13)
FN:159,(anonymous_14)
FNF:11
FNH:0
FNDA:0,sanitizeDownloadFilename
FNDA:0,(anonymous_5)
FNDA:0,(anonymous_6)
FNDA:0,(anonymous_7)
FNDA:0,(anonymous_8)
FNDA:0,(anonymous_9)
FNDA:0,(anonymous_10)
FNDA:0,(anonymous_11)
FNDA:0,(anonymous_12)
FNDA:0,(anonymous_13)
FNDA:0,(anonymous_14)
DA:1,0
DA:19,0
DA:20,0
DA:21,0
DA:22,0
DA:23,0
DA:25,0
DA:26,0
DA:30,0
DA:31,0
DA:32,0
DA:33,0
DA:34,0
DA:37,0
DA:41,0
DA:42,0
DA:46,0
DA:50,0
DA:54,0
DA:58,0
DA:74,0
DA:92,0
DA:96,0
DA:100,0
DA:105,0
DA:117,0
DA:121,0
DA:126,0
DA:131,0
DA:139,0
DA:143,0
DA:148,0
DA:153,0
DA:159,0
DA:163,0
LF:35
LH:0
BRDA:47,0,0,0
BRDA:47,0,1,0
BRDA:47,1,0,0
BRDA:47,1,1,0
BRDA:56,2,0,0
BRDA:56,2,1,0
BRDA:56,3,0,0
BRDA:56,3,1,0
BRDA:90,4,0,0
BRDA:90,4,1,0
BRDA:90,5,0,0
BRDA:90,5,1,0
BRDA:90,5,2,0
BRDA:99,6,0,0
BRDA:99,6,1,0
BRDA:99,7,0,0
BRDA:99,7,1,0
BRDA:120,8,0,0
BRDA:120,8,1,0
BRDA:120,9,0,0
BRDA:120,9,1,0
BRDA:128,10,0,0
BRDA:128,10,1,0
BRDA:128,11,0,0
BRDA:128,11,1,0
BRDA:150,12,0,0
BRDA:150,12,1,0
BRDA:150,13,0,0
BRDA:150,13,1,0
BRDA:162,14,0,0
BRDA:162,14,1,0
BRDA:162,15,0,0
BRDA:162,15,1,0
BRDA:42,16,0,0
BRDA:42,16,1,0
BRDA:42,17,0,0
BRDA:42,17,1,0
BRF:37
BRH:0
end_of_record
TN:
SF:src/work-items/work-items.module.ts
FNF:0
FNH:0
DA:1,0
DA:2,0
DA:3,0
DA:4,0
DA:5,0
DA:6,0
DA:7,0
DA:20,0
LF:8
LH:0
BRF:0
BRH:0
end_of_record
TN:
SF:src/work-items/work-items.service.ts
FN:167,(anonymous_2)
FN:169,(anonymous_3)
FN:208,(anonymous_4)
FN:228,(anonymous_5)
FN:231,(anonymous_6)
FN:246,(anonymous_7)
FN:310,(anonymous_8)
FN:374,(anonymous_9)
FN:382,(anonymous_10)
FN:386,(anonymous_11)
FN:404,(anonymous_12)
FN:408,(anonymous_13)
FN:412,(anonymous_14)
FN:416,(anonymous_15)
FN:420,(anonymous_16)
FN:421,(anonymous_17)
FN:427,(anonymous_18)
FN:442,(anonymous_19)
FN:518,(anonymous_20)
FN:567,(anonymous_21)
FN:633,(anonymous_22)
FN:680,(anonymous_23)
FN:711,(anonymous_24)
FN:738,(anonymous_25)
FN:777,(anonymous_26)
FN:792,(anonymous_27)
FN:802,(anonymous_28)
FN:817,(anonymous_29)
FN:864,(anonymous_30)
FN:885,(anonymous_31)
FN:900,(anonymous_32)
FN:906,(anonymous_33)
FN:921,(anonymous_34)
FN:929,(anonymous_35)
FN:943,(anonymous_36)
FN:955,(anonymous_37)
FNF:36
FNH:6
FNDA:3,(anonymous_2)
FNDA:0,(anonymous_3)
FNDA:3,(anonymous_4)
FNDA:3,(anonymous_5)
FNDA:0,(anonymous_6)
FNDA:0,(anonymous_7)
FNDA:0,(anonymous_8)
FNDA:0,(anonymous_9)
FNDA:0,(anonymous_10)
FNDA:0,(anonymous_11)
FNDA:0,(anonymous_12)
FNDA:0,(anonymous_13)
FNDA:0,(anonymous_14)
FNDA:0,(anonymous_15)
FNDA:0,(anonymous_16)
FNDA:0,(anonymous_17)
FNDA:0,(anonymous_18)
FNDA:0,(anonymous_19)
FNDA:0,(anonymous_20)
FNDA:0,(anonymous_21)
FNDA:0,(anonymous_22)
FNDA:0,(anonymous_23)
FNDA:0,(anonymous_24)
FNDA:0,(anonymous_25)
FNDA:0,(anonymous_26)
FNDA:0,(anonymous_27)
FNDA:0,(anonymous_28)
FNDA:3,(anonymous_29)
FNDA:0,(anonymous_30)
FNDA:0,(anonymous_31)
FNDA:0,(anonymous_32)
FNDA:3,(anonymous_33)
FNDA:3,(anonymous_34)
FNDA:0,(anonymous_35)
FNDA:0,(anonymous_36)
FNDA:0,(anonymous_37)
DA:1,2
DA:8,2
DA:9,2
DA:10,2
DA:11,2
DA:17,2
DA:19,2
DA:28,2
DA:35,2
DA:44,2
DA:76,2
DA:166,2
DA:167,3
DA:173,0
DA:175,0
DA:205,0
DA:209,3
DA:210,0
DA:213,3
DA:215,3
DA:228,3
DA:232,0
DA:234,0
DA:239,0
DA:240,0
DA:243,0
DA:251,0
DA:253,0
DA:255,0
DA:256,0
DA:259,0
DA:261,0
DA:279,0
DA:280,0
DA:283,0
DA:284,0
DA:287,0
DA:288,0
DA:291,0
DA:292,0
DA:295,0
DA:296,0
DA:299,0
DA:307,0
DA:315,0
DA:317,0
DA:342,0
DA:343,0
DA:346,0
DA:349,0
DA:367,0
DA:368,0
DA:373,0
DA:374,0
DA:377,0
DA:379,0
DA:381,0
DA:382,0
DA:385,0
DA:386,0
DA:389,0
DA:390,0
DA:393,0
DA:398,0
DA:403,0
DA:404,0
DA:407,0
DA:408,0
DA:411,0
DA:412,0
DA:415,0
DA:416,0
DA:419,0
DA:420,0
DA:421,0
DA:424,0
DA:427,0
DA:428,0
DA:429,0
DA:440,0
DA:441,0
DA:442,0
DA:450,0
DA:451,0
DA:462,0
DA:486,0
DA:487,0
DA:504,0
DA:511,0
DA:512,0
DA:515,0
DA:523,0
DA:525,0
DA:540,0
DA:541,0
DA:544,0
DA:546,0
DA:547,0
DA:552,0
DA:556,0
DA:558,0
DA:560,0
DA:562,0
DA:566,0
DA:567,0
DA:568,0
DA:595,0
DA:612,0
DA:615,0
DA:616,0
DA:620,0
DA:623,0
DA:628,0
DA:629,0
DA:637,0
DA:652,0
DA:653,0
DA:656,0
DA:660,0
DA:661,0
DA:663,0
DA:664,0
DA:667,0
DA:672,0
DA:684,0
DA:686,0
DA:703,0
DA:704,0
DA:707,0
DA:708,0
DA:711,0
DA:712,0
DA:718,0
DA:731,0
DA:735,0
DA:739,0
DA:741,0
DA:757,0
DA:758,0
DA:761,0
DA:767,0
DA:768,0
DA:772,0
DA:781,0
DA:782,0
DA:785,0
DA:786,0
DA:789,0
DA:793,0
DA:799,0
DA:806,0
DA:807,0
DA:810,0
DA:811,0
DA:814,0
DA:821,3
DA:823,3
DA:824,0
DA:829,3
DA:830,0
DA:835,3
DA:836,0
DA:845,3
DA:846,0
DA:855,3
DA:856,3
DA:859,0
DA:868,0
DA:869,0
DA:874,0
DA:886,0
DA:895,0
DA:896,0
DA:901,0
DA:902,0
DA:907,3
DA:923,3
DA:926,3
DA:930,0
DA:932,0
DA:934,0
DA:936,0
DA:937,0
DA:940,0
DA:944,0
DA:945,0
DA:947,0
DA:948,0
DA:951,0
DA:956,0
DA:958,0
DA:963,0
DA:966,0
LF:193
LH:27
BRDA:209,0,0,0
BRDA:209,0,1,3
BRDA:209,1,0,3
BRDA:209,1,1,0
BRDA:239,2,0,0
BRDA:239,2,1,0
BRDA:255,3,0,0
BRDA:255,3,1,0
BRDA:279,4,0,0
BRDA:279,4,1,0
BRDA:283,5,0,0
BRDA:283,5,1,0
BRDA:287,6,0,0
BRDA:287,6,1,0
BRDA:291,7,0,0
BRDA:291,7,1,0
BRDA:295,8,0,0
BRDA:295,8,1,0
BRDA:342,9,0,0
BRDA:342,9,1,0
BRDA:349,10,0,0
BRDA:349,10,1,0
BRDA:367,11,0,0
BRDA:367,11,1,0
BRDA:389,12,0,0
BRDA:389,12,1,0
BRDA:389,13,0,0
BRDA:389,13,1,0
BRDA:412,14,0,0
BRDA:412,14,1,0
BRDA:416,15,0,0
BRDA:416,15,1,0
BRDA:424,16,0,0
BRDA:424,16,1,0
BRDA:428,17,0,0
BRDA:428,17,1,0
BRDA:440,18,0,0
BRDA:440,18,1,0
BRDA:450,19,0,0
BRDA:450,19,1,0
BRDA:469,20,0,0
BRDA:469,20,1,0
BRDA:471,21,0,0
BRDA:471,21,1,0
BRDA:486,22,0,0
BRDA:486,22,1,0
BRDA:511,23,0,0
BRDA:511,23,1,0
BRDA:540,24,0,0
BRDA:540,24,1,0
BRDA:546,25,0,0
BRDA:546,25,1,0
BRDA:600,26,0,0
BRDA:600,26,1,0
BRDA:615,27,0,0
BRDA:615,27,1,0
BRDA:652,28,0,0
BRDA:652,28,1,0
BRDA:663,29,0,0
BRDA:663,29,1,0
BRDA:703,30,0,0
BRDA:703,30,1,0
BRDA:707,31,0,0
BRDA:707,31,1,0
BRDA:757,32,0,0
BRDA:757,32,1,0
BRDA:767,33,0,0
BRDA:767,33,1,0
BRDA:781,34,0,0
BRDA:781,34,1,0
BRDA:781,35,0,0
BRDA:781,35,1,0
BRDA:785,36,0,0
BRDA:785,36,1,0
BRDA:785,37,0,0
BRDA:785,37,1,0
BRDA:806,38,0,0
BRDA:806,38,1,0
BRDA:806,39,0,0
BRDA:806,39,1,0
BRDA:810,40,0,0
BRDA:810,40,1,0
BRDA:823,41,0,0
BRDA:823,41,1,3
BRDA:829,42,0,0
BRDA:829,42,1,3
BRDA:835,43,0,0
BRDA:835,43,1,3
BRDA:835,44,0,3
BRDA:835,44,1,3
BRDA:845,45,0,0
BRDA:845,45,1,3
BRDA:855,46,0,3
BRDA:855,46,1,0
BRDA:868,47,0,0
BRDA:868,47,1,0
BRDA:895,48,0,0
BRDA:895,48,1,0
BRDA:901,49,0,0
BRDA:901,49,1,0
BRDA:910,50,0,0
BRDA:910,50,1,3
BRDA:923,51,0,3
BRDA:923,51,1,2
BRDA:926,52,0,3
BRDA:926,52,1,1
BRDA:936,53,0,0
BRDA:936,53,1,0
BRDA:947,54,0,0
BRDA:947,54,1,0
BRDA:956,55,0,0
BRDA:956,55,1,0
BRDA:956,56,0,0
BRDA:956,56,1,0
BRDA:956,56,2,0
BRDA:963,57,0,0
BRDA:963,57,1,0
BRDA:167,58,0,2
BRDA:167,58,1,0
BRDA:167,59,0,2
BRDA:167,59,1,2
BRF:121
BRH:17
end_of_record
TN:
SF:src/work-items/dto/assign-work-item.dto.ts
FNF:0
FNH:0
DA:1,0
DA:3,0
DA:10,0
LF:3
LH:0
BRF:0
BRH:0
end_of_record
TN:
SF:src/work-items/dto/create-work-item.dto.ts
FNF:0
FNH:0
DA:1,0
DA:8,0
DA:10,0
DA:14,0
DA:19,0
DA:22,0
DA:27,0
DA:30,0
LF:8
LH:0
BRDA:22,0,0,0
BRDA:22,0,1,0
BRDA:22,1,0,0
BRDA:22,1,1,0
BRF:4
BRH:0
end_of_record
TN:
SF:src/work-items/dto/update-work-item.dto.ts
FNF:0
FNH:0
DA:1,0
DA:9,0
DA:11,0
DA:16,0
DA:22,0
DA:26,0
DA:32,0
DA:36,0
LF:8
LH:0
BRDA:26,0,0,0
BRDA:26,0,1,0
BRDA:26,1,0,0
BRDA:26,1,1,0
BRF:4
BRH:0
end_of_record
TN:
SF:src/work-items/dto/work-item-query.dto.ts
FNF:0
FNH:0
DA:1,0
DA:2,0
DA:4,0
DA:7,0
DA:11,0
DA:15,0
LF:6
LH:0
BRDA:7,0,0,0
BRDA:7,0,1,0
BRDA:7,1,0,0
BRDA:7,1,1,0
BRDA:11,2,0,0
BRDA:11,2,1,0
BRDA:11,3,0,0
BRDA:11,3,1,0
BRF:8
BRH:0
end_of_record
TN:
SF:src/work-items/time-extensions/time-extensions.controller.ts
FN:23,(anonymous_4)
FN:27,(anonymous_5)
FN:43,(anonymous_6)
FN:55,(anonymous_7)
FN:73,(anonymous_8)
FNF:5
FNH:0
FNDA:0,(anonymous_4)
FNDA:0,(anonymous_5)
FNDA:0,(anonymous_6)
FNDA:0,(anonymous_7)
FNDA:0,(anonymous_8)
DA:1,0
DA:12,0
DA:13,0
DA:15,0
DA:16,0
DA:17,0
DA:18,0
DA:19,0
DA:22,0
DA:23,0
DA:27,0
DA:35,0
DA:43,0
DA:49,0
DA:55,0
DA:63,0
DA:73,0
DA:81,0
LF:18
LH:0
BRDA:31,0,0,0
BRDA:31,0,1,0
BRDA:31,1,0,0
BRDA:31,1,1,0
BRDA:47,2,0,0
BRDA:47,2,1,0
BRDA:47,3,0,0
BRDA:47,3,1,0
BRDA:59,4,0,0
BRDA:59,4,1,0
BRDA:59,5,0,0
BRDA:59,5,1,0
BRDA:77,6,0,0
BRDA:77,6,1,0
BRDA:77,7,0,0
BRDA:77,7,1,0
BRDA:23,8,0,0
BRDA:23,8,1,0
BRDA:23,9,0,0
BRDA:23,9,1,0
BRF:20
BRH:0
end_of_record
TN:
SF:src/work-items/time-extensions/time-extensions.service.ts
FN:59,(anonymous_2)
FN:61,(anonymous_3)
FN:139,(anonymous_4)
FN:172,(anonymous_5)
FN:202,(anonymous_6)
FN:209,(anonymous_7)
FN:312,(anonymous_8)
FN:319,(anonymous_9)
FN:390,(anonymous_10)
FN:406,(anonymous_11)
FN:414,(anonymous_12)
FN:420,(anonymous_13)
FN:428,(anonymous_14)
FNF:13
FNH:0
FNDA:0,(anonymous_2)
FNDA:0,(anonymous_3)
FNDA:0,(anonymous_4)
FNDA:0,(anonymous_5)
FNDA:0,(anonymous_6)
FNDA:0,(anonymous_7)
FNDA:0,(anonymous_8)
FNDA:0,(anonymous_9)
FNDA:0,(anonymous_10)
FNDA:0,(anonymous_11)
FNDA:0,(anonymous_12)
FNDA:0,(anonymous_13)
FNDA:0,(anonymous_14)
DA:1,0
DA:8,0
DA:16,0
DA:21,0
DA:28,0
DA:58,0
DA:59,0
DA:66,0
DA:68,0
DA:93,0
DA:94,0
DA:97,0
DA:98,0
DA:103,0
DA:105,0
DA:107,0
DA:108,0
DA:113,0
DA:114,0
DA:120,0
DA:131,0
DA:132,0
DA:137,0
DA:139,0
DA:140,0
DA:153,0
DA:168,0
DA:173,0
DA:175,0
DA:176,0
DA:183,0
DA:184,0
DA:187,0
DA:207,0
DA:209,0
DA:210,0
DA:230,0
DA:231,0
DA:234,0
DA:236,0
DA:237,0
DA:246,0
DA:247,0
DA:252,0
DA:259,0
DA:273,0
DA:274,0
DA:279,0
DA:289,0
DA:309,0
DA:317,0
DA:319,0
DA:320,0
DA:339,0
DA:340,0
DA:343,0
DA:345,0
DA:347,0
DA:361,0
DA:362,0
DA:367,0
DA:387,0
DA:391,0
DA:399,0
DA:400,0
DA:403,0
DA:407,0
DA:408,0
DA:415,0
DA:416,0
DA:421,0
DA:422,0
DA:429,0
LF:73
LH:0
BRDA:93,0,0,0
BRDA:93,0,1,0
BRDA:97,1,0,0
BRDA:97,1,1,0
BRDA:107,2,0,0
BRDA:107,2,1,0
BRDA:113,3,0,0
BRDA:113,3,1,0
BRDA:131,4,0,0
BRDA:131,4,1,0
BRDA:175,5,0,0
BRDA:175,5,1,0
BRDA:183,6,0,0
BRDA:183,6,1,0
BRDA:230,7,0,0
BRDA:230,7,1,0
BRDA:236,8,0,0
BRDA:236,8,1,0
BRDA:246,9,0,0
BRDA:246,9,1,0
BRDA:252,10,0,0
BRDA:252,10,1,0
BRDA:273,11,0,0
BRDA:273,11,1,0
BRDA:299,12,0,0
BRDA:299,12,1,0
BRDA:339,13,0,0
BRDA:339,13,1,0
BRDA:345,14,0,0
BRDA:345,14,1,0
BRDA:361,15,0,0
BRDA:361,15,1,0
BRDA:377,16,0,0
BRDA:377,16,1,0
BRDA:399,17,0,0
BRDA:399,17,1,0
BRDA:407,18,0,0
BRDA:407,18,1,0
BRDA:415,19,0,0
BRDA:415,19,1,0
BRDA:421,20,0,0
BRDA:421,20,1,0
BRDA:430,21,0,0
BRDA:430,21,1,0
BRDA:59,22,0,0
BRDA:59,22,1,0
BRDA:59,23,0,0
BRDA:59,23,1,0
BRF:48
BRH:0
end_of_record
TN:
SF:src/work-items/time-extensions/dto/create-time-extension.dto.ts
FNF:0
FNH:0
DA:1,0
DA:3,0
DA:5,0
DA:10,0
LF:4
LH:0
BRF:0
BRH:0
end_of_record
TN:
SF:src/work-items/time-extensions/dto/review-time-extension.dto.ts
FNF:0
FNH:0
DA:1,0
DA:3,0
DA:7,0
LF:3
LH:0
BRF:0
BRH:0
end_of_record
TN:
SF:src/work-items/time-extensions/dto/time-extension-query.dto.ts
FNF:0
FNH:0
DA:1,0
DA:2,0
DA:4,0
DA:7,0
LF:4
LH:0
BRDA:7,0,0,0
BRDA:7,0,1,0
BRDA:7,1,0,0
BRDA:7,1,1,0
BRF:4
BRH:0
end_of_record
TN:
SF:src/work-items/workflow/workflow.controller.ts
FN:20,(anonymous_4)
FN:25,(anonymous_5)
FN:39,(anonymous_6)
FN:53,(anonymous_7)
FN:67,(anonymous_8)
FN:83,(anonymous_9)
FN:99,(anonymous_10)
FNF:7
FNH:0
FNDA:0,(anonymous_4)
FNDA:0,(anonymous_5)
FNDA:0,(anonymous_6)
FNDA:0,(anonymous_7)
FNDA:0,(anonymous_8)
FNDA:0,(anonymous_9)
FNDA:0,(anonymous_10)
DA:1,0
DA:10,0
DA:11,0
DA:13,0
DA:14,0
DA:15,0
DA:16,0
DA:19,0
DA:20,0
DA:25,0
DA:29,0
DA:39,0
DA:43,0
DA:53,0
DA:57,0
DA:67,0
DA:72,0
DA:83,0
DA:88,0
DA:99,0
DA:104,0
LF:21
LH:0
BRDA:69,0,0,0
BRDA:69,0,1,0
BRDA:69,1,0,0
BRDA:69,1,1,0
BRDA:85,2,0,0
BRDA:85,2,1,0
BRDA:85,3,0,0
BRDA:85,3,1,0
BRDA:101,4,0,0
BRDA:101,4,1,0
BRDA:101,5,0,0
BRDA:101,5,1,0
BRDA:20,6,0,0
BRDA:20,6,1,0
BRDA:20,7,0,0
BRDA:20,7,1,0
BRF:16
BRH:0
end_of_record
TN:
SF:src/work-items/workflow/workflow.rules.ts
FN:28,(anonymous_0)
FN:37,(anonymous_1)
FN:45,(anonymous_2)
FN:53,(anonymous_3)
FN:66,(anonymous_4)
FN:74,(anonymous_5)
FNF:6
FNH:2
FNDA:2,(anonymous_0)
FNDA:0,(anonymous_1)
FNDA:1,(anonymous_2)
FNDA:0,(anonymous_3)
FNDA:0,(anonymous_4)
FNDA:0,(anonymous_5)
DA:1,1
DA:6,1
DA:21,1
DA:28,2
DA:37,0
DA:45,1
DA:53,0
DA:66,0
DA:75,0
LF:9
LH:5
BRDA:75,0,0,0
BRDA:75,0,1,0
BRF:2
BRH:0
end_of_record
TN:
SF:src/work-items/workflow/workflow.service.ts
FN:25,(anonymous_2)
FN:30,(anonymous_3)
FN:36,(anonymous_4)
FN:111,(anonymous_5)
FN:122,(anonymous_6)
FN:136,(anonymous_7)
FN:147,(anonymous_8)
FN:157,(anonymous_9)
FNF:8
FNH:8
FNDA:6,(anonymous_2)
FNDA:6,(anonymous_3)
FNDA:6,(anonymous_4)
FNDA:6,(anonymous_5)
FNDA:5,(anonymous_6)
FNDA:3,(anonymous_7)
FNDA:3,(anonymous_8)
FNDA:2,(anonymous_9)
DA:1,1
DA:7,1
DA:8,1
DA:10,1
DA:11,1
DA:12,1
DA:14,1
DA:24,1
DA:26,6
DA:27,6
DA:36,6
DA:37,6
DA:54,6
DA:55,0
DA:58,6
DA:60,6
DA:62,5
DA:64,4
DA:65,3
DA:68,3
DA:78,3
DA:89,3
DA:90,1
DA:95,2
DA:108,2
DA:115,6
DA:116,1
DA:127,5
DA:128,1
DA:130,1
DA:142,3
DA:143,0
DA:146,3
DA:147,3
DA:150,3
DA:151,1
DA:161,2
LF:37
LH:35
BRDA:54,0,0,0
BRDA:54,0,1,6
BRDA:64,1,0,3
BRDA:64,1,1,1
BRDA:89,2,0,1
BRDA:89,2,1,2
BRDA:115,3,0,1
BRDA:115,3,1,5
BRDA:127,4,0,1
BRDA:127,4,1,4
BRDA:142,5,0,0
BRDA:142,5,1,3
BRDA:150,6,0,1
BRDA:150,6,1,2
BRDA:163,7,0,0
BRDA:163,7,1,2
BRDA:26,8,0,1
BRDA:26,8,1,0
BRDA:26,9,0,1
BRDA:26,9,1,1
BRDA:26,10,0,1
BRDA:26,10,1,0
BRDA:26,11,0,1
BRDA:26,11,1,1
BRF:24
BRH:19
end_of_record
TN:
SF:src/work-items/workflow/workflow.types.ts
FN:1,(anonymous_0)
FNF:1
FNH:1
FNDA:1,(anonymous_0)
DA:1,1
DA:2,1
DA:3,1
DA:4,1
DA:5,1
DA:6,1
DA:7,1
LF:7
LH:7
BRDA:1,0,0,1
BRDA:1,0,1,1
BRF:2
BRH:2
end_of_record
TN:
SF:src/work-items/workflow/dto/workflow-note.dto.ts
FNF:0
FNH:0
DA:1,0
DA:3,0
DA:7,0
LF:3
LH:0
BRF:0
BRH:0
end_of_record
